<?xml version="1.0" encoding="utf-8"?>
<CoverageSession xmlns:xsd="http://www.w3.org/2001/XMLSchema" xmlns:xsi="http://www.w3.org/2001/XMLSchema-instance" Version="4.7.922.0">
  <Summary numSequencePoints="1048" visitedSequencePoints="488" numBranchPoints="342" visitedBranchPoints="236" sequenceCoverage="46.56" branchCoverage="69.01" maxCyclomaticComplexity="21" minCyclomaticComplexity="1" maxCrapScore="30" minCrapScore="1" visitedClasses="15" numClasses="20" visitedMethods="144" numMethods="196" />
  <Modules>
    <Module hash="80-B1-4B-79-60-9B-6B-BB-F2-FE-CB-CD-4B-F5-D4-32-DC-0B-49-AB">
      <Summary numSequencePoints="1048" visitedSequencePoints="488" numBranchPoints="342" visitedBranchPoints="236" sequenceCoverage="46.56" branchCoverage="69.01" maxCyclomaticComplexity="21" minCyclomaticComplexity="1" maxCrapScore="30" minCrapScore="1" visitedClasses="15" numClasses="20" visitedMethods="144" numMethods="196" />
      <ModulePath>C:\Users\lizhe\Desktop\NTUT\Windows Programming\HW\HW#2~6\MyDrawing\DrawingFormTests\bin\Debug\fine-code-coverage\build-output\MyDrawing.exe</ModulePath>
      <ModuleTime>2024-12-14T07:57:29.7351008Z</ModuleTime>
      <ModuleName>MyDrawing</ModuleName>
      <Files>
        <File uid="1" fullPath="C:\Users\lizhe\Desktop\NTUT\Windows Programming\HW\HW#2~6\MyDrawing\MyDrawing\DrawingModel\MockGraphics.cs" />
        <File uid="2" fullPath="C:\Users\lizhe\Desktop\NTUT\Windows Programming\HW\HW#2~6\MyDrawing\MyDrawing\DoubleBufferedPanel.cs" />
        <File uid="3" fullPath="C:\Users\lizhe\Desktop\NTUT\Windows Programming\HW\HW#2~6\MyDrawing\MyDrawing\Form1.Designer.cs" />
        <File uid="4" fullPath="C:\Users\lizhe\Desktop\NTUT\Windows Programming\HW\HW#2~6\MyDrawing\MyDrawing\Form1.cs" />
        <File uid="5" fullPath="C:\Users\lizhe\Desktop\NTUT\Windows Programming\HW\HW#2~6\MyDrawing\MyDrawing\Shapes\Decision.cs" />
        <File uid="6" fullPath="C:\Users\lizhe\Desktop\NTUT\Windows Programming\HW\HW#2~6\MyDrawing\MyDrawing\GraphicsAdapter.cs" />
        <File uid="7" fullPath="C:\Users\lizhe\Desktop\NTUT\Windows Programming\HW\HW#2~6\MyDrawing\MyDrawing\DrawingModel\Model.cs" />
        <File uid="8" fullPath="C:\Users\lizhe\Desktop\NTUT\Windows Programming\HW\HW#2~6\MyDrawing\MyDrawing\DrawingModel\PresentationModel.cs" />
        <File uid="9" fullPath="C:\Users\lizhe\Desktop\NTUT\Windows Programming\HW\HW#2~6\MyDrawing\MyDrawing\Shapes\Process.cs" />
        <File uid="10" fullPath="C:\Users\lizhe\Desktop\NTUT\Windows Programming\HW\HW#2~6\MyDrawing\MyDrawing\Program.cs" />
        <File uid="11" fullPath="C:\Users\lizhe\Desktop\NTUT\Windows Programming\HW\HW#2~6\MyDrawing\MyDrawing\Shapes\Shape.cs" />
        <File uid="12" fullPath="C:\Users\lizhe\Desktop\NTUT\Windows Programming\HW\HW#2~6\MyDrawing\MyDrawing\ShapesFactory.cs" />
        <File uid="13" fullPath="C:\Users\lizhe\Desktop\NTUT\Windows Programming\HW\HW#2~6\MyDrawing\MyDrawing\Shapes\Start.cs" />
        <File uid="14" fullPath="C:\Users\lizhe\Desktop\NTUT\Windows Programming\HW\HW#2~6\MyDrawing\MyDrawing\Shapes\Terminator.cs" />
        <File uid="15" fullPath="C:\Users\lizhe\Desktop\NTUT\Windows Programming\HW\HW#2~6\MyDrawing\MyDrawing\TextChangeDialog.cs" />
        <File uid="16" fullPath="C:\Users\lizhe\Desktop\NTUT\Windows Programming\HW\HW#2~6\MyDrawing\MyDrawing\TextChangeDialog.Designer.cs" />
        <File uid="17" fullPath="C:\Users\lizhe\Desktop\NTUT\Windows Programming\HW\HW#2~6\MyDrawing\MyDrawing\State\DrawingLineState.cs" />
        <File uid="18" fullPath="C:\Users\lizhe\Desktop\NTUT\Windows Programming\HW\HW#2~6\MyDrawing\MyDrawing\State\DrawingState.cs" />
        <File uid="20" fullPath="C:\Users\lizhe\Desktop\NTUT\Windows Programming\HW\HW#2~6\MyDrawing\MyDrawing\State\PointerState.cs" />
      </Files>
      <Classes>
        <Class>
          <Summary numSequencePoints="27" visitedSequencePoints="26" numBranchPoints="11" visitedBranchPoints="10" sequenceCoverage="96.30" branchCoverage="90.91" maxCyclomaticComplexity="1" minCyclomaticComplexity="1" maxCrapScore="2" minCrapScore="1" visitedClasses="1" numClasses="1" visitedMethods="10" numMethods="11" />
          <FullName>MockGraphics</FullName>
          <Methods>
            <Method visited="true" cyclomaticComplexity="1" nPathComplexity="0" sequenceCoverage="100" branchCoverage="100" crapScore="1" isConstructor="false" isStatic="false" isGetter="true" isSetter="false">
              <Summary numSequencePoints="1" visitedSequencePoints="1" numBranchPoints="1" visitedBranchPoints="1" sequenceCoverage="100" branchCoverage="100" maxCyclomaticComplexity="1" minCyclomaticComplexity="1" maxCrapScore="1" minCrapScore="1" visitedClasses="0" numClasses="0" visitedMethods="1" numMethods="1" />
              <MetadataToken>100663297</MetadataToken>
              <Name>System.Collections.Generic.List`1&lt;System.String&gt; MockGraphics::get_Calls()</Name>
              <FileRef uid="1" />
              <SequencePoints>
                <SequencePoint vc="40" uspid="1" ordinal="0" offset="0" sl="7" sc="33" el="7" ec="37" bec="0" bev="0" fileid="1" />
              </SequencePoints>
              <BranchPoints />
              <MethodPoint xsi:type="SequencePoint" vc="40" uspid="1" ordinal="0" offset="0" sl="7" sc="33" el="7" ec="37" bec="0" bev="0" fileid="1" />
            </Method>
            <Method visited="false" cyclomaticComplexity="1" nPathComplexity="0" sequenceCoverage="0" branchCoverage="0" crapScore="2" isConstructor="false" isStatic="false" isGetter="false" isSetter="true">
              <Summary numSequencePoints="1" visitedSequencePoints="0" numBranchPoints="1" visitedBranchPoints="0" sequenceCoverage="0" branchCoverage="0" maxCyclomaticComplexity="1" minCyclomaticComplexity="1" maxCrapScore="2" minCrapScore="2" visitedClasses="0" numClasses="0" visitedMethods="0" numMethods="1" />
              <MetadataToken>100663298</MetadataToken>
              <Name>System.Void MockGraphics::set_Calls(System.Collections.Generic.List`1&lt;System.String&gt;)</Name>
              <FileRef uid="1" />
              <SequencePoints>
                <SequencePoint vc="0" uspid="2" ordinal="0" offset="0" sl="7" sc="38" el="7" ec="50" bec="0" bev="0" fileid="1" />
              </SequencePoints>
              <BranchPoints />
              <MethodPoint xsi:type="SequencePoint" vc="0" uspid="2" ordinal="0" offset="0" sl="7" sc="38" el="7" ec="50" bec="0" bev="0" fileid="1" />
            </Method>
            <Method visited="true" cyclomaticComplexity="1" nPathComplexity="0" sequenceCoverage="100" branchCoverage="100" crapScore="1" isConstructor="false" isStatic="false" isGetter="false" isSetter="false">
              <Summary numSequencePoints="3" visitedSequencePoints="3" numBranchPoints="1" visitedBranchPoints="1" sequenceCoverage="100" branchCoverage="100" maxCyclomaticComplexity="1" minCyclomaticComplexity="1" maxCrapScore="1" minCrapScore="1" visitedClasses="0" numClasses="0" visitedMethods="1" numMethods="1" />
              <MetadataToken>100663299</MetadataToken>
              <Name>System.Void MockGraphics::DrawCircle(System.Int32,System.Int32,System.Int32,System.Int32)</Name>
              <FileRef uid="1" />
              <SequencePoints>
                <SequencePoint vc="1" uspid="3" ordinal="0" offset="0" sl="10" sc="5" el="10" ec="6" bec="0" bev="0" fileid="1" />
                <SequencePoint vc="1" uspid="4" ordinal="1" offset="1" sl="11" sc="9" el="11" ec="63" bec="0" bev="0" fileid="1" />
                <SequencePoint vc="1" uspid="5" ordinal="2" offset="66" sl="12" sc="5" el="12" ec="6" bec="0" bev="0" fileid="1" />
              </SequencePoints>
              <BranchPoints />
              <MethodPoint xsi:type="SequencePoint" vc="1" uspid="3" ordinal="0" offset="0" sl="10" sc="5" el="10" ec="6" bec="0" bev="0" fileid="1" />
            </Method>
            <Method visited="true" cyclomaticComplexity="1" nPathComplexity="0" sequenceCoverage="100" branchCoverage="100" crapScore="1" isConstructor="false" isStatic="false" isGetter="false" isSetter="false">
              <Summary numSequencePoints="3" visitedSequencePoints="3" numBranchPoints="1" visitedBranchPoints="1" sequenceCoverage="100" branchCoverage="100" maxCyclomaticComplexity="1" minCyclomaticComplexity="1" maxCrapScore="1" minCrapScore="1" visitedClasses="0" numClasses="0" visitedMethods="1" numMethods="1" />
              <MetadataToken>100663300</MetadataToken>
              <Name>System.Void MockGraphics::DrawRectangle(System.Int32,System.Int32,System.Int32,System.Int32)</Name>
              <FileRef uid="1" />
              <SequencePoints>
                <SequencePoint vc="3" uspid="6" ordinal="0" offset="0" sl="15" sc="5" el="15" ec="6" bec="0" bev="0" fileid="1" />
                <SequencePoint vc="3" uspid="7" ordinal="1" offset="1" sl="16" sc="9" el="16" ec="66" bec="0" bev="0" fileid="1" />
                <SequencePoint vc="3" uspid="8" ordinal="2" offset="66" sl="17" sc="5" el="17" ec="6" bec="0" bev="0" fileid="1" />
              </SequencePoints>
              <BranchPoints />
              <MethodPoint xsi:type="SequencePoint" vc="3" uspid="6" ordinal="0" offset="0" sl="15" sc="5" el="15" ec="6" bec="0" bev="0" fileid="1" />
            </Method>
            <Method visited="true" cyclomaticComplexity="1" nPathComplexity="0" sequenceCoverage="100" branchCoverage="100" crapScore="1" isConstructor="false" isStatic="false" isGetter="false" isSetter="false">
              <Summary numSequencePoints="3" visitedSequencePoints="3" numBranchPoints="1" visitedBranchPoints="1" sequenceCoverage="100" branchCoverage="100" maxCyclomaticComplexity="1" minCyclomaticComplexity="1" maxCrapScore="1" minCrapScore="1" visitedClasses="0" numClasses="0" visitedMethods="1" numMethods="1" />
              <MetadataToken>100663301</MetadataToken>
              <Name>System.Void MockGraphics::DrawText(System.Int32,System.Int32,System.String)</Name>
              <FileRef uid="1" />
              <SequencePoints>
                <SequencePoint vc="6" uspid="9" ordinal="0" offset="0" sl="20" sc="5" el="20" ec="6" bec="0" bev="0" fileid="1" />
                <SequencePoint vc="6" uspid="10" ordinal="1" offset="1" sl="21" sc="9" el="21" ec="54" bec="0" bev="0" fileid="1" />
                <SequencePoint vc="6" uspid="11" ordinal="2" offset="36" sl="22" sc="5" el="22" ec="6" bec="0" bev="0" fileid="1" />
              </SequencePoints>
              <BranchPoints />
              <MethodPoint xsi:type="SequencePoint" vc="6" uspid="9" ordinal="0" offset="0" sl="20" sc="5" el="20" ec="6" bec="0" bev="0" fileid="1" />
            </Method>
            <Method visited="true" cyclomaticComplexity="1" nPathComplexity="0" sequenceCoverage="100" branchCoverage="100" crapScore="1" isConstructor="false" isStatic="false" isGetter="false" isSetter="false">
              <Summary numSequencePoints="3" visitedSequencePoints="3" numBranchPoints="1" visitedBranchPoints="1" sequenceCoverage="100" branchCoverage="100" maxCyclomaticComplexity="1" minCyclomaticComplexity="1" maxCrapScore="1" minCrapScore="1" visitedClasses="0" numClasses="0" visitedMethods="1" numMethods="1" />
              <MetadataToken>100663302</MetadataToken>
              <Name>System.Void MockGraphics::DrawEllipse(System.Int32,System.Int32,System.Int32,System.Int32)</Name>
              <FileRef uid="1" />
              <SequencePoints>
                <SequencePoint vc="1" uspid="12" ordinal="0" offset="0" sl="25" sc="5" el="25" ec="6" bec="0" bev="0" fileid="1" />
                <SequencePoint vc="1" uspid="13" ordinal="1" offset="1" sl="26" sc="9" el="26" ec="64" bec="0" bev="0" fileid="1" />
                <SequencePoint vc="1" uspid="14" ordinal="2" offset="66" sl="27" sc="5" el="27" ec="6" bec="0" bev="0" fileid="1" />
              </SequencePoints>
              <BranchPoints />
              <MethodPoint xsi:type="SequencePoint" vc="1" uspid="12" ordinal="0" offset="0" sl="25" sc="5" el="25" ec="6" bec="0" bev="0" fileid="1" />
            </Method>
            <Method visited="true" cyclomaticComplexity="1" nPathComplexity="0" sequenceCoverage="100" branchCoverage="100" crapScore="1" isConstructor="false" isStatic="false" isGetter="false" isSetter="false">
              <Summary numSequencePoints="3" visitedSequencePoints="3" numBranchPoints="1" visitedBranchPoints="1" sequenceCoverage="100" branchCoverage="100" maxCyclomaticComplexity="1" minCyclomaticComplexity="1" maxCrapScore="1" minCrapScore="1" visitedClasses="0" numClasses="0" visitedMethods="1" numMethods="1" />
              <MetadataToken>100663303</MetadataToken>
              <Name>System.Void MockGraphics::DrawDiamond(System.Int32,System.Int32,System.Int32,System.Int32)</Name>
              <FileRef uid="1" />
              <SequencePoints>
                <SequencePoint vc="1" uspid="15" ordinal="0" offset="0" sl="30" sc="5" el="30" ec="6" bec="0" bev="0" fileid="1" />
                <SequencePoint vc="1" uspid="16" ordinal="1" offset="1" sl="31" sc="9" el="31" ec="64" bec="0" bev="0" fileid="1" />
                <SequencePoint vc="1" uspid="17" ordinal="2" offset="66" sl="32" sc="5" el="32" ec="6" bec="0" bev="0" fileid="1" />
              </SequencePoints>
              <BranchPoints />
              <MethodPoint xsi:type="SequencePoint" vc="1" uspid="15" ordinal="0" offset="0" sl="30" sc="5" el="30" ec="6" bec="0" bev="0" fileid="1" />
            </Method>
            <Method visited="true" cyclomaticComplexity="1" nPathComplexity="0" sequenceCoverage="100" branchCoverage="100" crapScore="1" isConstructor="false" isStatic="false" isGetter="false" isSetter="false">
              <Summary numSequencePoints="3" visitedSequencePoints="3" numBranchPoints="1" visitedBranchPoints="1" sequenceCoverage="100" branchCoverage="100" maxCyclomaticComplexity="1" minCyclomaticComplexity="1" maxCrapScore="1" minCrapScore="1" visitedClasses="0" numClasses="0" visitedMethods="1" numMethods="1" />
              <MetadataToken>100663304</MetadataToken>
              <Name>System.Void MockGraphics::DrawShapeBoundingBox(System.Int32,System.Int32,System.Int32,System.Int32)</Name>
              <FileRef uid="1" />
              <SequencePoints>
                <SequencePoint vc="2" uspid="18" ordinal="0" offset="0" sl="35" sc="5" el="35" ec="6" bec="0" bev="0" fileid="1" />
                <SequencePoint vc="2" uspid="19" ordinal="1" offset="1" sl="36" sc="9" el="36" ec="73" bec="0" bev="0" fileid="1" />
                <SequencePoint vc="2" uspid="20" ordinal="2" offset="66" sl="37" sc="5" el="37" ec="6" bec="0" bev="0" fileid="1" />
              </SequencePoints>
              <BranchPoints />
              <MethodPoint xsi:type="SequencePoint" vc="2" uspid="18" ordinal="0" offset="0" sl="35" sc="5" el="35" ec="6" bec="0" bev="0" fileid="1" />
            </Method>
            <Method visited="true" cyclomaticComplexity="1" nPathComplexity="0" sequenceCoverage="100" branchCoverage="100" crapScore="1" isConstructor="false" isStatic="false" isGetter="false" isSetter="false">
              <Summary numSequencePoints="3" visitedSequencePoints="3" numBranchPoints="1" visitedBranchPoints="1" sequenceCoverage="100" branchCoverage="100" maxCyclomaticComplexity="1" minCyclomaticComplexity="1" maxCrapScore="1" minCrapScore="1" visitedClasses="0" numClasses="0" visitedMethods="1" numMethods="1" />
              <MetadataToken>100663305</MetadataToken>
              <Name>System.Void MockGraphics::DrawTextBoundingBox(System.Int32,System.Int32,System.String)</Name>
              <FileRef uid="1" />
              <SequencePoints>
                <SequencePoint vc="2" uspid="21" ordinal="0" offset="0" sl="40" sc="5" el="40" ec="6" bec="0" bev="0" fileid="1" />
                <SequencePoint vc="2" uspid="22" ordinal="1" offset="1" sl="41" sc="9" el="41" ec="65" bec="0" bev="0" fileid="1" />
                <SequencePoint vc="2" uspid="23" ordinal="2" offset="36" sl="42" sc="5" el="42" ec="6" bec="0" bev="0" fileid="1" />
              </SequencePoints>
              <BranchPoints />
              <MethodPoint xsi:type="SequencePoint" vc="2" uspid="21" ordinal="0" offset="0" sl="40" sc="5" el="40" ec="6" bec="0" bev="0" fileid="1" />
            </Method>
            <Method visited="true" cyclomaticComplexity="1" nPathComplexity="0" sequenceCoverage="100" branchCoverage="100" crapScore="1" isConstructor="false" isStatic="false" isGetter="false" isSetter="false">
              <Summary numSequencePoints="3" visitedSequencePoints="3" numBranchPoints="1" visitedBranchPoints="1" sequenceCoverage="100" branchCoverage="100" maxCyclomaticComplexity="1" minCyclomaticComplexity="1" maxCrapScore="1" minCrapScore="1" visitedClasses="0" numClasses="0" visitedMethods="1" numMethods="1" />
              <MetadataToken>100663306</MetadataToken>
              <Name>System.Void MockGraphics::ClearAll()</Name>
              <FileRef uid="1" />
              <SequencePoints>
                <SequencePoint vc="1" uspid="24" ordinal="0" offset="0" sl="45" sc="5" el="45" ec="6" bec="0" bev="0" fileid="1" />
                <SequencePoint vc="1" uspid="25" ordinal="1" offset="1" sl="46" sc="9" el="46" ec="33" bec="0" bev="0" fileid="1" />
                <SequencePoint vc="1" uspid="26" ordinal="2" offset="18" sl="47" sc="5" el="47" ec="6" bec="0" bev="0" fileid="1" />
              </SequencePoints>
              <BranchPoints />
              <MethodPoint xsi:type="SequencePoint" vc="1" uspid="24" ordinal="0" offset="0" sl="45" sc="5" el="45" ec="6" bec="0" bev="0" fileid="1" />
            </Method>
            <Method visited="true" cyclomaticComplexity="1" nPathComplexity="0" sequenceCoverage="100" branchCoverage="100" crapScore="1" isConstructor="true" isStatic="false" isGetter="false" isSetter="false">
              <Summary numSequencePoints="1" visitedSequencePoints="1" numBranchPoints="1" visitedBranchPoints="1" sequenceCoverage="100" branchCoverage="100" maxCyclomaticComplexity="1" minCyclomaticComplexity="1" maxCrapScore="1" minCrapScore="1" visitedClasses="0" numClasses="0" visitedMethods="1" numMethods="1" />
              <MetadataToken>100663307</MetadataToken>
              <Name>System.Void MockGraphics::.ctor()</Name>
              <FileRef uid="1" />
              <SequencePoints>
                <SequencePoint vc="35" uspid="27" ordinal="0" offset="0" sl="7" sc="55" el="7" ec="73" bec="0" bev="0" fileid="1" />
              </SequencePoints>
              <BranchPoints />
              <MethodPoint xsi:type="SequencePoint" vc="35" uspid="27" ordinal="0" offset="0" sl="7" sc="55" el="7" ec="73" bec="0" bev="0" fileid="1" />
            </Method>
          </Methods>
        </Class>
        <Class>
          <Summary numSequencePoints="4" visitedSequencePoints="0" numBranchPoints="1" visitedBranchPoints="0" sequenceCoverage="0" branchCoverage="0" maxCyclomaticComplexity="1" minCyclomaticComplexity="1" maxCrapScore="2" minCrapScore="2" visitedClasses="0" numClasses="1" visitedMethods="0" numMethods="1" />
          <FullName>MyDrawing.DoubleBufferedPanel</FullName>
          <Methods>
            <Method visited="false" cyclomaticComplexity="1" nPathComplexity="0" sequenceCoverage="0" branchCoverage="0" crapScore="2" isConstructor="true" isStatic="false" isGetter="false" isSetter="false">
              <Summary numSequencePoints="4" visitedSequencePoints="0" numBranchPoints="1" visitedBranchPoints="0" sequenceCoverage="0" branchCoverage="0" maxCyclomaticComplexity="1" minCyclomaticComplexity="1" maxCrapScore="2" minCrapScore="2" visitedClasses="0" numClasses="0" visitedMethods="0" numMethods="1" />
              <MetadataToken>100663308</MetadataToken>
              <Name>System.Void MyDrawing.DoubleBufferedPanel::.ctor()</Name>
              <FileRef uid="2" />
              <SequencePoints>
                <SequencePoint vc="0" uspid="28" ordinal="0" offset="0" sl="7" sc="9" el="7" ec="37" bec="0" bev="0" fileid="2" />
                <SequencePoint vc="0" uspid="29" ordinal="1" offset="7" sl="8" sc="9" el="8" ec="10" bec="0" bev="0" fileid="2" />
                <SequencePoint vc="0" uspid="30" ordinal="2" offset="8" sl="9" sc="13" el="9" ec="35" bec="0" bev="0" fileid="2" />
                <SequencePoint vc="0" uspid="31" ordinal="3" offset="16" sl="13" sc="9" el="13" ec="10" bec="0" bev="0" fileid="2" />
              </SequencePoints>
              <BranchPoints />
              <MethodPoint xsi:type="SequencePoint" vc="0" uspid="28" ordinal="0" offset="0" sl="7" sc="9" el="7" ec="37" bec="0" bev="0" fileid="2" />
            </Method>
          </Methods>
        </Class>
        <Class>
          <Summary numSequencePoints="467" visitedSequencePoints="0" numBranchPoints="47" visitedBranchPoints="0" sequenceCoverage="0" branchCoverage="0" maxCyclomaticComplexity="5" minCyclomaticComplexity="1" maxCrapScore="30" minCrapScore="2" visitedClasses="0" numClasses="1" visitedMethods="0" numMethods="29" />
          <FullName>MyDrawing.Form1</FullName>
          <Methods>
            <Method visited="false" cyclomaticComplexity="3" nPathComplexity="4" sequenceCoverage="0" branchCoverage="0" crapScore="12" isConstructor="false" isStatic="false" isGetter="false" isSetter="false">
              <Summary numSequencePoints="7" visitedSequencePoints="0" numBranchPoints="5" visitedBranchPoints="0" sequenceCoverage="0" branchCoverage="0" maxCyclomaticComplexity="3" minCyclomaticComplexity="3" maxCrapScore="12" minCrapScore="12" visitedClasses="0" numClasses="0" visitedMethods="0" numMethods="1" />
              <MetadataToken>100663309</MetadataToken>
              <Name>System.Void MyDrawing.Form1::Dispose(System.Boolean)</Name>
              <FileRef uid="3" />
              <SequencePoints>
                <SequencePoint vc="0" uspid="32" ordinal="0" offset="0" sl="15" sc="9" el="15" ec="10" bec="0" bev="0" fileid="3" />
                <SequencePoint vc="0" uspid="33" ordinal="1" offset="1" sl="16" sc="13" el="16" ec="51" bec="4" bev="0" fileid="3" />
                <SequencePoint vc="0" uspid="34" ordinal="2" offset="20" sl="17" sc="13" el="17" ec="14" bec="0" bev="0" fileid="3" />
                <SequencePoint vc="0" uspid="35" ordinal="3" offset="21" sl="18" sc="17" el="18" ec="38" bec="0" bev="0" fileid="3" />
                <SequencePoint vc="0" uspid="36" ordinal="4" offset="33" sl="19" sc="13" el="19" ec="14" bec="0" bev="0" fileid="3" />
                <SequencePoint vc="0" uspid="37" ordinal="5" offset="34" sl="20" sc="13" el="20" ec="37" bec="0" bev="0" fileid="3" />
                <SequencePoint vc="0" uspid="38" ordinal="6" offset="42" sl="21" sc="9" el="21" ec="10" bec="0" bev="0" fileid="3" />
              </SequencePoints>
              <BranchPoints>
                <BranchPoint vc="0" uspid="39" ordinal="0" offset="2" sl="16" path="0" offsetend="4" fileid="3" />
                <BranchPoint vc="0" uspid="40" ordinal="1" offset="2" sl="16" path="1" offsetend="15" fileid="3" />
                <BranchPoint vc="0" uspid="41" ordinal="2" offset="18" sl="16" path="0" offsetend="20" fileid="3" />
                <BranchPoint vc="0" uspid="42" ordinal="3" offset="18" sl="16" path="1" offsetend="34" fileid="3" />
              </BranchPoints>
              <MethodPoint xsi:type="SequencePoint" vc="0" uspid="32" ordinal="0" offset="0" sl="15" sc="9" el="15" ec="10" bec="0" bev="0" fileid="3" />
            </Method>
            <Method visited="false" cyclomaticComplexity="1" nPathComplexity="0" sequenceCoverage="0" branchCoverage="0" crapScore="2" isConstructor="false" isStatic="false" isGetter="false" isSetter="false">
              <Summary numSequencePoints="315" visitedSequencePoints="0" numBranchPoints="1" visitedBranchPoints="0" sequenceCoverage="0" branchCoverage="0" maxCyclomaticComplexity="1" minCyclomaticComplexity="1" maxCrapScore="2" minCrapScore="2" visitedClasses="0" numClasses="0" visitedMethods="0" numMethods="1" />
              <MetadataToken>100663310</MetadataToken>
              <Name>System.Void MyDrawing.Form1::InitializeComponent()</Name>
              <FileRef uid="3" />
              <SequencePoints>
                <SequencePoint vc="0" uspid="43" ordinal="0" offset="0" sl="30" sc="9" el="30" ec="10" bec="0" bev="0" fileid="3" />
                <SequencePoint vc="0" uspid="44" ordinal="1" offset="1" sl="31" sc="13" el="31" ec="69" bec="0" bev="0" fileid="3" />
                <SequencePoint vc="0" uspid="45" ordinal="2" offset="12" sl="32" sc="13" el="32" ec="138" bec="0" bev="0" fileid="3" />
                <SequencePoint vc="0" uspid="46" ordinal="3" offset="28" sl="33" sc="13" el="33" ec="74" bec="0" bev="0" fileid="3" />
                <SequencePoint vc="0" uspid="47" ordinal="4" offset="39" sl="34" sc="13" el="34" ec="82" bec="0" bev="0" fileid="3" />
                <SequencePoint vc="0" uspid="48" ordinal="5" offset="50" sl="35" sc="13" el="35" ec="82" bec="0" bev="0" fileid="3" />
                <SequencePoint vc="0" uspid="49" ordinal="6" offset="61" sl="36" sc="13" el="36" ec="86" bec="0" bev="0" fileid="3" />
                <SequencePoint vc="0" uspid="50" ordinal="7" offset="72" sl="37" sc="13" el="37" ec="84" bec="0" bev="0" fileid="3" />
                <SequencePoint vc="0" uspid="51" ordinal="8" offset="83" sl="38" sc="13" el="38" ec="81" bec="0" bev="0" fileid="3" />
                <SequencePoint vc="0" uspid="52" ordinal="9" offset="94" sl="39" sc="13" el="39" ec="81" bec="0" bev="0" fileid="3" />
                <SequencePoint vc="0" uspid="53" ordinal="10" offset="105" sl="40" sc="13" el="40" ec="81" bec="0" bev="0" fileid="3" />
                <SequencePoint vc="0" uspid="54" ordinal="11" offset="116" sl="41" sc="13" el="41" ec="81" bec="0" bev="0" fileid="3" />
                <SequencePoint vc="0" uspid="55" ordinal="12" offset="127" sl="42" sc="13" el="42" ec="66" bec="0" bev="0" fileid="3" />
                <SequencePoint vc="0" uspid="56" ordinal="13" offset="138" sl="43" sc="13" el="43" ec="64" bec="0" bev="0" fileid="3" />
                <SequencePoint vc="0" uspid="57" ordinal="14" offset="149" sl="44" sc="13" el="44" ec="68" bec="0" bev="0" fileid="3" />
                <SequencePoint vc="0" uspid="58" ordinal="15" offset="160" sl="45" sc="13" el="45" ec="60" bec="0" bev="0" fileid="3" />
                <SequencePoint vc="0" uspid="59" ordinal="16" offset="171" sl="46" sc="13" el="46" ec="64" bec="0" bev="0" fileid="3" />
                <SequencePoint vc="0" uspid="60" ordinal="17" offset="182" sl="47" sc="13" el="47" ec="69" bec="0" bev="0" fileid="3" />
                <SequencePoint vc="0" uspid="61" ordinal="18" offset="193" sl="48" sc="13" el="48" ec="67" bec="0" bev="0" fileid="3" />
                <SequencePoint vc="0" uspid="62" ordinal="19" offset="204" sl="49" sc="13" el="49" ec="72" bec="0" bev="0" fileid="3" />
                <SequencePoint vc="0" uspid="63" ordinal="20" offset="215" sl="50" sc="13" el="50" ec="66" bec="0" bev="0" fileid="3" />
                <SequencePoint vc="0" uspid="64" ordinal="21" offset="226" sl="51" sc="13" el="51" ec="64" bec="0" bev="0" fileid="3" />
                <SequencePoint vc="0" uspid="65" ordinal="22" offset="237" sl="52" sc="13" el="52" ec="63" bec="0" bev="0" fileid="3" />
                <SequencePoint vc="0" uspid="66" ordinal="23" offset="248" sl="53" sc="13" el="53" ec="60" bec="0" bev="0" fileid="3" />
                <SequencePoint vc="0" uspid="67" ordinal="24" offset="259" sl="54" sc="13" el="54" ec="65" bec="0" bev="0" fileid="3" />
                <SequencePoint vc="0" uspid="68" ordinal="25" offset="270" sl="55" sc="13" el="55" ec="68" bec="0" bev="0" fileid="3" />
                <SequencePoint vc="0" uspid="69" ordinal="26" offset="281" sl="56" sc="13" el="56" ec="87" bec="0" bev="0" fileid="3" />
                <SequencePoint vc="0" uspid="70" ordinal="27" offset="292" sl="57" sc="13" el="57" ec="88" bec="0" bev="0" fileid="3" />
                <SequencePoint vc="0" uspid="71" ordinal="28" offset="303" sl="58" sc="13" el="58" ec="91" bec="0" bev="0" fileid="3" />
                <SequencePoint vc="0" uspid="72" ordinal="29" offset="320" sl="59" sc="13" el="59" ec="62" bec="0" bev="0" fileid="3" />
                <SequencePoint vc="0" uspid="73" ordinal="30" offset="331" sl="60" sc="13" el="60" ec="74" bec="0" bev="0" fileid="3" />
                <SequencePoint vc="0" uspid="74" ordinal="31" offset="342" sl="61" sc="13" el="61" ec="62" bec="0" bev="0" fileid="3" />
                <SequencePoint vc="0" uspid="75" ordinal="32" offset="353" sl="62" sc="13" el="62" ec="97" bec="0" bev="0" fileid="3" />
                <SequencePoint vc="0" uspid="76" ordinal="33" offset="370" sl="63" sc="13" el="63" ec="68" bec="0" bev="0" fileid="3" />
                <SequencePoint vc="0" uspid="77" ordinal="34" offset="381" sl="64" sc="13" el="64" ec="83" bec="0" bev="0" fileid="3" />
                <SequencePoint vc="0" uspid="78" ordinal="35" offset="392" sl="65" sc="13" el="65" ec="83" bec="0" bev="0" fileid="3" />
                <SequencePoint vc="0" uspid="79" ordinal="36" offset="403" sl="66" sc="13" el="66" ec="84" bec="0" bev="0" fileid="3" />
                <SequencePoint vc="0" uspid="80" ordinal="37" offset="414" sl="67" sc="13" el="67" ec="84" bec="0" bev="0" fileid="3" />
                <SequencePoint vc="0" uspid="81" ordinal="38" offset="425" sl="68" sc="13" el="68" ec="89" bec="0" bev="0" fileid="3" />
                <SequencePoint vc="0" uspid="82" ordinal="39" offset="436" sl="69" sc="13" el="69" ec="87" bec="0" bev="0" fileid="3" />
                <SequencePoint vc="0" uspid="83" ordinal="40" offset="447" sl="70" sc="13" el="70" ec="86" bec="0" bev="0" fileid="3" />
                <SequencePoint vc="0" uspid="84" ordinal="41" offset="458" sl="71" sc="13" el="71" ec="83" bec="0" bev="0" fileid="3" />
                <SequencePoint vc="0" uspid="85" ordinal="42" offset="469" sl="72" sc="13" el="72" ec="90" bec="0" bev="0" fileid="3" />
                <SequencePoint vc="0" uspid="86" ordinal="43" offset="481" sl="73" sc="13" el="73" ec="44" bec="0" bev="0" fileid="3" />
                <SequencePoint vc="0" uspid="87" ordinal="44" offset="493" sl="74" sc="13" el="74" ec="45" bec="0" bev="0" fileid="3" />
                <SequencePoint vc="0" uspid="88" ordinal="45" offset="505" sl="75" sc="13" el="75" ec="91" bec="0" bev="0" fileid="3" />
                <SequencePoint vc="0" uspid="89" ordinal="46" offset="517" sl="76" sc="13" el="76" ec="45" bec="0" bev="0" fileid="3" />
                <SequencePoint vc="0" uspid="90" ordinal="47" offset="529" sl="77" sc="13" el="77" ec="34" bec="0" bev="0" fileid="3" />
                <SequencePoint vc="0" uspid="91" ordinal="48" offset="536" sl="81" sc="13" el="81" ec="59" bec="0" bev="0" fileid="3" />
                <SequencePoint vc="0" uspid="92" ordinal="49" offset="549" sl="82" sc="13" el="82" ec="57" bec="0" bev="0" fileid="3" />
                <SequencePoint vc="0" uspid="93" ordinal="50" offset="563" sl="83" sc="13" el="91" ec="28" bec="0" bev="0" fileid="3" />
                <SequencePoint vc="0" uspid="94" ordinal="51" offset="658" sl="92" sc="13" el="92" ec="75" bec="0" bev="0" fileid="3" />
                <SequencePoint vc="0" uspid="95" ordinal="52" offset="678" sl="93" sc="13" el="93" ec="55" bec="0" bev="0" fileid="3" />
                <SequencePoint vc="0" uspid="96" ordinal="53" offset="695" sl="94" sc="13" el="94" ec="48" bec="0" bev="0" fileid="3" />
                <SequencePoint vc="0" uspid="97" ordinal="54" offset="708" sl="95" sc="13" el="95" ec="58" bec="0" bev="0" fileid="3" />
                <SequencePoint vc="0" uspid="98" ordinal="55" offset="721" sl="96" sc="13" el="96" ec="53" bec="0" bev="0" fileid="3" />
                <SequencePoint vc="0" uspid="99" ordinal="56" offset="735" sl="97" sc="13" el="97" ec="73" bec="0" bev="0" fileid="3" />
                <SequencePoint vc="0" uspid="100" ordinal="57" offset="762" sl="98" sc="13" el="98" ec="45" bec="0" bev="0" fileid="3" />
                <SequencePoint vc="0" uspid="101" ordinal="58" offset="775" sl="99" sc="13" el="99" ec="142" bec="0" bev="0" fileid="3" />
                <SequencePoint vc="0" uspid="102" ordinal="59" offset="799" sl="103" sc="13" el="103" ec="100" bec="0" bev="0" fileid="3" />
                <SequencePoint vc="0" uspid="103" ordinal="60" offset="812" sl="104" sc="13" el="104" ec="51" bec="0" bev="0" fileid="3" />
                <SequencePoint vc="0" uspid="104" ordinal="61" offset="829" sl="105" sc="13" el="105" ec="50" bec="0" bev="0" fileid="3" />
                <SequencePoint vc="0" uspid="105" ordinal="62" offset="846" sl="106" sc="13" el="106" ec="45" bec="0" bev="0" fileid="3" />
                <SequencePoint vc="0" uspid="106" ordinal="63" offset="859" sl="107" sc="13" el="107" ec="47" bec="0" bev="0" fileid="3" />
                <SequencePoint vc="0" uspid="107" ordinal="64" offset="876" sl="108" sc="13" el="108" ec="44" bec="0" bev="0" fileid="3" />
                <SequencePoint vc="0" uspid="108" ordinal="65" offset="889" sl="109" sc="13" el="109" ec="87" bec="0" bev="0" fileid="3" />
                <SequencePoint vc="0" uspid="109" ordinal="66" offset="902" sl="110" sc="13" el="110" ec="97" bec="0" bev="0" fileid="3" />
                <SequencePoint vc="0" uspid="110" ordinal="67" offset="915" sl="111" sc="13" el="111" ec="39" bec="0" bev="0" fileid="3" />
                <SequencePoint vc="0" uspid="111" ordinal="68" offset="929" sl="115" sc="13" el="115" ec="50" bec="0" bev="0" fileid="3" />
                <SequencePoint vc="0" uspid="112" ordinal="69" offset="946" sl="116" sc="13" el="116" ec="45" bec="0" bev="0" fileid="3" />
                <SequencePoint vc="0" uspid="113" ordinal="70" offset="963" sl="117" sc="13" el="117" ec="44" bec="0" bev="0" fileid="3" />
                <SequencePoint vc="0" uspid="114" ordinal="71" offset="976" sl="118" sc="13" el="118" ec="45" bec="0" bev="0" fileid="3" />
                <SequencePoint vc="0" uspid="115" ordinal="72" offset="993" sl="119" sc="13" el="119" ec="43" bec="0" bev="0" fileid="3" />
                <SequencePoint vc="0" uspid="116" ordinal="73" offset="1006" sl="120" sc="13" el="120" ec="38" bec="0" bev="0" fileid="3" />
                <SequencePoint vc="0" uspid="117" ordinal="74" offset="1020" sl="124" sc="13" el="124" ec="54" bec="0" bev="0" fileid="3" />
                <SequencePoint vc="0" uspid="118" ordinal="75" offset="1037" sl="125" sc="13" el="125" ec="53" bec="0" bev="0" fileid="3" />
                <SequencePoint vc="0" uspid="119" ordinal="76" offset="1054" sl="126" sc="13" el="126" ec="48" bec="0" bev="0" fileid="3" />
                <SequencePoint vc="0" uspid="120" ordinal="77" offset="1067" sl="127" sc="13" el="127" ec="53" bec="0" bev="0" fileid="3" />
                <SequencePoint vc="0" uspid="121" ordinal="78" offset="1084" sl="128" sc="13" el="128" ec="47" bec="0" bev="0" fileid="3" />
                <SequencePoint vc="0" uspid="122" ordinal="79" offset="1097" sl="129" sc="13" el="129" ec="42" bec="0" bev="0" fileid="3" />
                <SequencePoint vc="0" uspid="123" ordinal="80" offset="1111" sl="133" sc="13" el="133" ec="52" bec="0" bev="0" fileid="3" />
                <SequencePoint vc="0" uspid="124" ordinal="81" offset="1128" sl="134" sc="13" el="134" ec="49" bec="0" bev="0" fileid="3" />
                <SequencePoint vc="0" uspid="125" ordinal="82" offset="1145" sl="135" sc="13" el="135" ec="46" bec="0" bev="0" fileid="3" />
                <SequencePoint vc="0" uspid="126" ordinal="83" offset="1158" sl="136" sc="13" el="136" ec="49" bec="0" bev="0" fileid="3" />
                <SequencePoint vc="0" uspid="127" ordinal="84" offset="1175" sl="137" sc="13" el="137" ec="45" bec="0" bev="0" fileid="3" />
                <SequencePoint vc="0" uspid="128" ordinal="85" offset="1188" sl="138" sc="13" el="138" ec="40" bec="0" bev="0" fileid="3" />
                <SequencePoint vc="0" uspid="129" ordinal="86" offset="1202" sl="142" sc="13" el="142" ec="49" bec="0" bev="0" fileid="3" />
                <SequencePoint vc="0" uspid="130" ordinal="87" offset="1219" sl="143" sc="13" el="143" ec="43" bec="0" bev="0" fileid="3" />
                <SequencePoint vc="0" uspid="131" ordinal="88" offset="1236" sl="144" sc="13" el="144" ec="43" bec="0" bev="0" fileid="3" />
                <SequencePoint vc="0" uspid="132" ordinal="89" offset="1249" sl="145" sc="13" el="145" ec="43" bec="0" bev="0" fileid="3" />
                <SequencePoint vc="0" uspid="133" ordinal="90" offset="1266" sl="146" sc="13" el="146" ec="42" bec="0" bev="0" fileid="3" />
                <SequencePoint vc="0" uspid="134" ordinal="91" offset="1279" sl="147" sc="13" el="147" ec="37" bec="0" bev="0" fileid="3" />
                <SequencePoint vc="0" uspid="135" ordinal="92" offset="1293" sl="151" sc="13" el="151" ec="49" bec="0" bev="0" fileid="3" />
                <SequencePoint vc="0" uspid="136" ordinal="93" offset="1310" sl="152" sc="13" el="152" ec="43" bec="0" bev="0" fileid="3" />
                <SequencePoint vc="0" uspid="137" ordinal="94" offset="1327" sl="153" sc="13" el="153" ec="43" bec="0" bev="0" fileid="3" />
                <SequencePoint vc="0" uspid="138" ordinal="95" offset="1340" sl="154" sc="13" el="154" ec="43" bec="0" bev="0" fileid="3" />
                <SequencePoint vc="0" uspid="139" ordinal="96" offset="1357" sl="155" sc="13" el="155" ec="42" bec="0" bev="0" fileid="3" />
                <SequencePoint vc="0" uspid="140" ordinal="97" offset="1370" sl="156" sc="13" el="156" ec="37" bec="0" bev="0" fileid="3" />
                <SequencePoint vc="0" uspid="141" ordinal="98" offset="1384" sl="160" sc="13" el="160" ec="49" bec="0" bev="0" fileid="3" />
                <SequencePoint vc="0" uspid="142" ordinal="99" offset="1401" sl="161" sc="13" el="161" ec="43" bec="0" bev="0" fileid="3" />
                <SequencePoint vc="0" uspid="143" ordinal="100" offset="1418" sl="162" sc="13" el="162" ec="43" bec="0" bev="0" fileid="3" />
                <SequencePoint vc="0" uspid="144" ordinal="101" offset="1431" sl="163" sc="13" el="163" ec="43" bec="0" bev="0" fileid="3" />
                <SequencePoint vc="0" uspid="145" ordinal="102" offset="1448" sl="164" sc="13" el="164" ec="42" bec="0" bev="0" fileid="3" />
                <SequencePoint vc="0" uspid="146" ordinal="103" offset="1461" sl="165" sc="13" el="165" ec="37" bec="0" bev="0" fileid="3" />
                <SequencePoint vc="0" uspid="147" ordinal="104" offset="1475" sl="169" sc="13" el="169" ec="49" bec="0" bev="0" fileid="3" />
                <SequencePoint vc="0" uspid="148" ordinal="105" offset="1492" sl="170" sc="13" el="170" ec="43" bec="0" bev="0" fileid="3" />
                <SequencePoint vc="0" uspid="149" ordinal="106" offset="1509" sl="171" sc="13" el="171" ec="43" bec="0" bev="0" fileid="3" />
                <SequencePoint vc="0" uspid="150" ordinal="107" offset="1522" sl="172" sc="13" el="172" ec="43" bec="0" bev="0" fileid="3" />
                <SequencePoint vc="0" uspid="151" ordinal="108" offset="1539" sl="173" sc="13" el="173" ec="42" bec="0" bev="0" fileid="3" />
                <SequencePoint vc="0" uspid="152" ordinal="109" offset="1552" sl="174" sc="13" el="174" ec="37" bec="0" bev="0" fileid="3" />
                <SequencePoint vc="0" uspid="153" ordinal="110" offset="1566" sl="178" sc="13" el="178" ec="56" bec="0" bev="0" fileid="3" />
                <SequencePoint vc="0" uspid="154" ordinal="111" offset="1589" sl="179" sc="13" el="179" ec="60" bec="0" bev="0" fileid="3" />
                <SequencePoint vc="0" uspid="155" ordinal="112" offset="1612" sl="180" sc="13" el="180" ec="54" bec="0" bev="0" fileid="3" />
                <SequencePoint vc="0" uspid="156" ordinal="113" offset="1635" sl="181" sc="13" el="181" ec="56" bec="0" bev="0" fileid="3" />
                <SequencePoint vc="0" uspid="157" ordinal="114" offset="1658" sl="182" sc="13" el="182" ec="61" bec="0" bev="0" fileid="3" />
                <SequencePoint vc="0" uspid="158" ordinal="115" offset="1681" sl="183" sc="13" el="183" ec="59" bec="0" bev="0" fileid="3" />
                <SequencePoint vc="0" uspid="159" ordinal="116" offset="1704" sl="184" sc="13" el="184" ec="61" bec="0" bev="0" fileid="3" />
                <SequencePoint vc="0" uspid="160" ordinal="117" offset="1727" sl="185" sc="13" el="185" ec="63" bec="0" bev="0" fileid="3" />
                <SequencePoint vc="0" uspid="161" ordinal="118" offset="1750" sl="186" sc="13" el="186" ec="59" bec="0" bev="0" fileid="3" />
                <SequencePoint vc="0" uspid="162" ordinal="119" offset="1773" sl="187" sc="13" el="187" ec="58" bec="0" bev="0" fileid="3" />
                <SequencePoint vc="0" uspid="163" ordinal="120" offset="1796" sl="188" sc="13" el="188" ec="57" bec="0" bev="0" fileid="3" />
                <SequencePoint vc="0" uspid="164" ordinal="121" offset="1819" sl="189" sc="13" el="189" ec="54" bec="0" bev="0" fileid="3" />
                <SequencePoint vc="0" uspid="165" ordinal="122" offset="1842" sl="190" sc="13" el="190" ec="59" bec="0" bev="0" fileid="3" />
                <SequencePoint vc="0" uspid="166" ordinal="123" offset="1865" sl="191" sc="13" el="191" ec="73" bec="0" bev="0" fileid="3" />
                <SequencePoint vc="0" uspid="167" ordinal="124" offset="1889" sl="192" sc="13" el="192" ec="47" bec="0" bev="0" fileid="3" />
                <SequencePoint vc="0" uspid="168" ordinal="125" offset="1906" sl="193" sc="13" el="193" ec="69" bec="0" bev="0" fileid="3" />
                <SequencePoint vc="0" uspid="169" ordinal="126" offset="1933" sl="194" sc="13" el="194" ec="41" bec="0" bev="0" fileid="3" />
                <SequencePoint vc="0" uspid="170" ordinal="127" offset="1946" sl="195" sc="13" el="195" ec="44" bec="0" bev="0" fileid="3" />
                <SequencePoint vc="0" uspid="171" ordinal="128" offset="1959" sl="196" sc="13" el="196" ec="42" bec="0" bev="0" fileid="3" />
                <SequencePoint vc="0" uspid="172" ordinal="129" offset="1976" sl="200" sc="13" el="200" ec="155" bec="0" bev="0" fileid="3" />
                <SequencePoint vc="0" uspid="173" ordinal="130" offset="2010" sl="201" sc="13" el="201" ec="72" bec="0" bev="0" fileid="3" />
                <SequencePoint vc="0" uspid="174" ordinal="131" offset="2034" sl="202" sc="13" el="202" ec="45" bec="0" bev="0" fileid="3" />
                <SequencePoint vc="0" uspid="175" ordinal="132" offset="2051" sl="203" sc="13" el="203" ec="66" bec="0" bev="0" fileid="3" />
                <SequencePoint vc="0" uspid="176" ordinal="133" offset="2072" sl="204" sc="13" el="204" ec="41" bec="0" bev="0" fileid="3" />
                <SequencePoint vc="0" uspid="177" ordinal="134" offset="2086" sl="205" sc="13" el="205" ec="86" bec="0" bev="0" fileid="3" />
                <SequencePoint vc="0" uspid="178" ordinal="135" offset="2099" sl="209" sc="13" el="209" ec="159" bec="0" bev="0" fileid="3" />
                <SequencePoint vc="0" uspid="179" ordinal="136" offset="2133" sl="210" sc="13" el="210" ec="76" bec="0" bev="0" fileid="3" />
                <SequencePoint vc="0" uspid="180" ordinal="137" offset="2157" sl="211" sc="13" el="211" ec="53" bec="0" bev="0" fileid="3" />
                <SequencePoint vc="0" uspid="181" ordinal="138" offset="2174" sl="212" sc="13" el="212" ec="70" bec="0" bev="0" fileid="3" />
                <SequencePoint vc="0" uspid="182" ordinal="139" offset="2195" sl="213" sc="13" el="213" ec="45" bec="0" bev="0" fileid="3" />
                <SequencePoint vc="0" uspid="183" ordinal="140" offset="2209" sl="214" sc="13" el="214" ec="90" bec="0" bev="0" fileid="3" />
                <SequencePoint vc="0" uspid="184" ordinal="141" offset="2222" sl="218" sc="13" el="218" ec="41" bec="0" bev="0" fileid="3" />
                <SequencePoint vc="0" uspid="185" ordinal="142" offset="2235" sl="219" sc="13" el="219" ec="152" bec="0" bev="0" fileid="3" />
                <SequencePoint vc="0" uspid="186" ordinal="143" offset="2269" sl="220" sc="13" el="220" ec="70" bec="0" bev="0" fileid="3" />
                <SequencePoint vc="0" uspid="187" ordinal="144" offset="2293" sl="221" sc="13" el="221" ec="41" bec="0" bev="0" fileid="3" />
                <SequencePoint vc="0" uspid="188" ordinal="145" offset="2310" sl="222" sc="13" el="222" ec="64" bec="0" bev="0" fileid="3" />
                <SequencePoint vc="0" uspid="189" ordinal="146" offset="2331" sl="223" sc="13" el="223" ec="38" bec="0" bev="0" fileid="3" />
                <SequencePoint vc="0" uspid="190" ordinal="147" offset="2344" sl="224" sc="13" el="224" ec="36" bec="0" bev="0" fileid="3" />
                <SequencePoint vc="0" uspid="191" ordinal="148" offset="2361" sl="228" sc="13" el="228" ec="155" bec="0" bev="0" fileid="3" />
                <SequencePoint vc="0" uspid="192" ordinal="149" offset="2395" sl="229" sc="13" el="229" ec="72" bec="0" bev="0" fileid="3" />
                <SequencePoint vc="0" uspid="193" ordinal="150" offset="2419" sl="230" sc="13" el="230" ec="45" bec="0" bev="0" fileid="3" />
                <SequencePoint vc="0" uspid="194" ordinal="151" offset="2436" sl="231" sc="13" el="231" ec="66" bec="0" bev="0" fileid="3" />
                <SequencePoint vc="0" uspid="195" ordinal="152" offset="2457" sl="232" sc="13" el="232" ec="41" bec="0" bev="0" fileid="3" />
                <SequencePoint vc="0" uspid="196" ordinal="153" offset="2471" sl="233" sc="13" el="233" ec="86" bec="0" bev="0" fileid="3" />
                <SequencePoint vc="0" uspid="197" ordinal="154" offset="2484" sl="237" sc="13" el="237" ec="160" bec="0" bev="0" fileid="3" />
                <SequencePoint vc="0" uspid="198" ordinal="155" offset="2518" sl="238" sc="13" el="238" ec="77" bec="0" bev="0" fileid="3" />
                <SequencePoint vc="0" uspid="199" ordinal="156" offset="2542" sl="239" sc="13" el="239" ec="55" bec="0" bev="0" fileid="3" />
                <SequencePoint vc="0" uspid="200" ordinal="157" offset="2559" sl="240" sc="13" el="240" ec="71" bec="0" bev="0" fileid="3" />
                <SequencePoint vc="0" uspid="201" ordinal="158" offset="2580" sl="241" sc="13" el="241" ec="46" bec="0" bev="0" fileid="3" />
                <SequencePoint vc="0" uspid="202" ordinal="159" offset="2594" sl="242" sc="13" el="242" ec="91" bec="0" bev="0" fileid="3" />
                <SequencePoint vc="0" uspid="203" ordinal="160" offset="2607" sl="246" sc="13" el="246" ec="158" bec="0" bev="0" fileid="3" />
                <SequencePoint vc="0" uspid="204" ordinal="161" offset="2641" sl="247" sc="13" el="247" ec="75" bec="0" bev="0" fileid="3" />
                <SequencePoint vc="0" uspid="205" ordinal="162" offset="2665" sl="248" sc="13" el="248" ec="51" bec="0" bev="0" fileid="3" />
                <SequencePoint vc="0" uspid="206" ordinal="163" offset="2682" sl="249" sc="13" el="249" ec="69" bec="0" bev="0" fileid="3" />
                <SequencePoint vc="0" uspid="207" ordinal="164" offset="2703" sl="250" sc="13" el="250" ec="43" bec="0" bev="0" fileid="3" />
                <SequencePoint vc="0" uspid="208" ordinal="165" offset="2716" sl="254" sc="13" el="254" ec="164" bec="0" bev="0" fileid="3" />
                <SequencePoint vc="0" uspid="209" ordinal="166" offset="2750" sl="255" sc="13" el="255" ec="59" bec="0" bev="0" fileid="3" />
                <SequencePoint vc="0" uspid="210" ordinal="167" offset="2763" sl="256" sc="13" el="260" ec="26" bec="0" bev="0" fileid="3" />
                <SequencePoint vc="0" uspid="211" ordinal="168" offset="2818" sl="261" sc="13" el="261" ec="78" bec="0" bev="0" fileid="3" />
                <SequencePoint vc="0" uspid="212" ordinal="169" offset="2839" sl="262" sc="13" el="262" ec="59" bec="0" bev="0" fileid="3" />
                <SequencePoint vc="0" uspid="213" ordinal="170" offset="2856" sl="263" sc="13" el="263" ec="73" bec="0" bev="0" fileid="3" />
                <SequencePoint vc="0" uspid="214" ordinal="171" offset="2877" sl="264" sc="13" el="264" ec="47" bec="0" bev="0" fileid="3" />
                <SequencePoint vc="0" uspid="215" ordinal="172" offset="2890" sl="268" sc="13" el="268" ec="73" bec="0" bev="0" fileid="3" />
                <SequencePoint vc="0" uspid="216" ordinal="173" offset="2910" sl="269" sc="13" el="269" ec="51" bec="0" bev="0" fileid="3" />
                <SequencePoint vc="0" uspid="217" ordinal="174" offset="2927" sl="270" sc="13" el="270" ec="69" bec="0" bev="0" fileid="3" />
                <SequencePoint vc="0" uspid="218" ordinal="175" offset="2948" sl="271" sc="13" el="271" ec="43" bec="0" bev="0" fileid="3" />
                <SequencePoint vc="0" uspid="219" ordinal="176" offset="2961" sl="272" sc="13" el="272" ec="43" bec="0" bev="0" fileid="3" />
                <SequencePoint vc="0" uspid="220" ordinal="177" offset="2978" sl="273" sc="13" el="273" ec="61" bec="0" bev="0" fileid="3" />
                <SequencePoint vc="0" uspid="221" ordinal="178" offset="2991" sl="274" sc="13" el="274" ec="89" bec="0" bev="0" fileid="3" />
                <SequencePoint vc="0" uspid="222" ordinal="179" offset="3015" sl="278" sc="13" el="278" ec="45" bec="0" bev="0" fileid="3" />
                <SequencePoint vc="0" uspid="223" ordinal="180" offset="3028" sl="279" sc="13" el="279" ec="156" bec="0" bev="0" fileid="3" />
                <SequencePoint vc="0" uspid="224" ordinal="181" offset="3062" sl="280" sc="13" el="280" ec="74" bec="0" bev="0" fileid="3" />
                <SequencePoint vc="0" uspid="225" ordinal="182" offset="3086" sl="281" sc="13" el="281" ec="49" bec="0" bev="0" fileid="3" />
                <SequencePoint vc="0" uspid="226" ordinal="183" offset="3103" sl="282" sc="13" el="282" ec="68" bec="0" bev="0" fileid="3" />
                <SequencePoint vc="0" uspid="227" ordinal="184" offset="3124" sl="283" sc="13" el="283" ec="42" bec="0" bev="0" fileid="3" />
                <SequencePoint vc="0" uspid="228" ordinal="185" offset="3137" sl="284" sc="13" el="284" ec="40" bec="0" bev="0" fileid="3" />
                <SequencePoint vc="0" uspid="229" ordinal="186" offset="3154" sl="288" sc="13" el="288" ec="44" bec="0" bev="0" fileid="3" />
                <SequencePoint vc="0" uspid="230" ordinal="187" offset="3167" sl="289" sc="13" el="289" ec="155" bec="0" bev="0" fileid="3" />
                <SequencePoint vc="0" uspid="231" ordinal="188" offset="3201" sl="290" sc="13" el="290" ec="73" bec="0" bev="0" fileid="3" />
                <SequencePoint vc="0" uspid="232" ordinal="189" offset="3225" sl="291" sc="13" el="291" ec="47" bec="0" bev="0" fileid="3" />
                <SequencePoint vc="0" uspid="233" ordinal="190" offset="3242" sl="292" sc="13" el="292" ec="67" bec="0" bev="0" fileid="3" />
                <SequencePoint vc="0" uspid="234" ordinal="191" offset="3263" sl="293" sc="13" el="293" ec="41" bec="0" bev="0" fileid="3" />
                <SequencePoint vc="0" uspid="235" ordinal="192" offset="3276" sl="294" sc="13" el="294" ec="42" bec="0" bev="0" fileid="3" />
                <SequencePoint vc="0" uspid="236" ordinal="193" offset="3293" sl="298" sc="13" el="298" ec="41" bec="0" bev="0" fileid="3" />
                <SequencePoint vc="0" uspid="237" ordinal="194" offset="3306" sl="299" sc="13" el="299" ec="152" bec="0" bev="0" fileid="3" />
                <SequencePoint vc="0" uspid="238" ordinal="195" offset="3340" sl="300" sc="13" el="300" ec="70" bec="0" bev="0" fileid="3" />
                <SequencePoint vc="0" uspid="239" ordinal="196" offset="3364" sl="301" sc="13" el="301" ec="41" bec="0" bev="0" fileid="3" />
                <SequencePoint vc="0" uspid="240" ordinal="197" offset="3381" sl="302" sc="13" el="302" ec="64" bec="0" bev="0" fileid="3" />
                <SequencePoint vc="0" uspid="241" ordinal="198" offset="3402" sl="303" sc="13" el="303" ec="38" bec="0" bev="0" fileid="3" />
                <SequencePoint vc="0" uspid="242" ordinal="199" offset="3415" sl="304" sc="13" el="304" ec="36" bec="0" bev="0" fileid="3" />
                <SequencePoint vc="0" uspid="243" ordinal="200" offset="3432" sl="308" sc="13" el="308" ec="46" bec="0" bev="0" fileid="3" />
                <SequencePoint vc="0" uspid="244" ordinal="201" offset="3445" sl="309" sc="13" el="309" ec="157" bec="0" bev="0" fileid="3" />
                <SequencePoint vc="0" uspid="245" ordinal="202" offset="3479" sl="310" sc="13" el="310" ec="75" bec="0" bev="0" fileid="3" />
                <SequencePoint vc="0" uspid="246" ordinal="203" offset="3503" sl="311" sc="13" el="311" ec="51" bec="0" bev="0" fileid="3" />
                <SequencePoint vc="0" uspid="247" ordinal="204" offset="3520" sl="312" sc="13" el="312" ec="69" bec="0" bev="0" fileid="3" />
                <SequencePoint vc="0" uspid="248" ordinal="205" offset="3541" sl="313" sc="13" el="313" ec="43" bec="0" bev="0" fileid="3" />
                <SequencePoint vc="0" uspid="249" ordinal="206" offset="3554" sl="314" sc="13" el="314" ec="41" bec="0" bev="0" fileid="3" />
                <SequencePoint vc="0" uspid="250" ordinal="207" offset="3571" sl="318" sc="13" el="318" ec="80" bec="0" bev="0" fileid="3" />
                <SequencePoint vc="0" uspid="251" ordinal="208" offset="3592" sl="319" sc="13" el="320" ec="42" bec="0" bev="0" fileid="3" />
                <SequencePoint vc="0" uspid="252" ordinal="209" offset="3624" sl="321" sc="13" el="321" ec="71" bec="0" bev="0" fileid="3" />
                <SequencePoint vc="0" uspid="253" ordinal="210" offset="3643" sl="322" sc="13" el="322" ec="49" bec="0" bev="0" fileid="3" />
                <SequencePoint vc="0" uspid="254" ordinal="211" offset="3660" sl="323" sc="13" el="323" ec="70" bec="0" bev="0" fileid="3" />
                <SequencePoint vc="0" uspid="255" ordinal="212" offset="3684" sl="324" sc="13" el="324" ec="42" bec="0" bev="0" fileid="3" />
                <SequencePoint vc="0" uspid="256" ordinal="213" offset="3697" sl="325" sc="13" el="325" ec="49" bec="0" bev="0" fileid="3" />
                <SequencePoint vc="0" uspid="257" ordinal="214" offset="3714" sl="329" sc="13" el="330" ec="43" bec="0" bev="0" fileid="3" />
                <SequencePoint vc="0" uspid="258" ordinal="215" offset="3746" sl="331" sc="13" el="331" ec="71" bec="0" bev="0" fileid="3" />
                <SequencePoint vc="0" uspid="259" ordinal="216" offset="3763" sl="332" sc="13" el="332" ec="79" bec="0" bev="0" fileid="3" />
                <SequencePoint vc="0" uspid="260" ordinal="217" offset="3784" sl="333" sc="13" el="333" ec="52" bec="0" bev="0" fileid="3" />
                <SequencePoint vc="0" uspid="261" ordinal="218" offset="3801" sl="337" sc="13" el="337" ec="73" bec="0" bev="0" fileid="3" />
                <SequencePoint vc="0" uspid="262" ordinal="219" offset="3818" sl="338" sc="13" el="338" ec="81" bec="0" bev="0" fileid="3" />
                <SequencePoint vc="0" uspid="263" ordinal="220" offset="3842" sl="339" sc="13" el="339" ec="56" bec="0" bev="0" fileid="3" />
                <SequencePoint vc="0" uspid="264" ordinal="221" offset="3859" sl="343" sc="13" el="343" ec="69" bec="0" bev="0" fileid="3" />
                <SequencePoint vc="0" uspid="265" ordinal="222" offset="3880" sl="344" sc="13" el="344" ec="43" bec="0" bev="0" fileid="3" />
                <SequencePoint vc="0" uspid="266" ordinal="223" offset="3897" sl="345" sc="13" el="345" ec="66" bec="0" bev="0" fileid="3" />
                <SequencePoint vc="0" uspid="267" ordinal="224" offset="3918" sl="346" sc="13" el="346" ec="39" bec="0" bev="0" fileid="3" />
                <SequencePoint vc="0" uspid="268" ordinal="225" offset="3931" sl="347" sc="13" el="347" ec="57" bec="0" bev="0" fileid="3" />
                <SequencePoint vc="0" uspid="269" ordinal="226" offset="3944" sl="351" sc="13" el="351" ec="70" bec="0" bev="0" fileid="3" />
                <SequencePoint vc="0" uspid="270" ordinal="227" offset="3968" sl="352" sc="13" el="352" ec="43" bec="0" bev="0" fileid="3" />
                <SequencePoint vc="0" uspid="271" ordinal="228" offset="3985" sl="353" sc="13" el="353" ec="66" bec="0" bev="0" fileid="3" />
                <SequencePoint vc="0" uspid="272" ordinal="229" offset="4006" sl="354" sc="13" el="354" ec="39" bec="0" bev="0" fileid="3" />
                <SequencePoint vc="0" uspid="273" ordinal="230" offset="4019" sl="355" sc="13" el="355" ec="57" bec="0" bev="0" fileid="3" />
                <SequencePoint vc="0" uspid="274" ordinal="231" offset="4032" sl="359" sc="13" el="359" ec="87" bec="0" bev="0" fileid="3" />
                <SequencePoint vc="0" uspid="275" ordinal="232" offset="4053" sl="360" sc="13" el="360" ec="63" bec="0" bev="0" fileid="3" />
                <SequencePoint vc="0" uspid="276" ordinal="233" offset="4070" sl="361" sc="13" el="361" ec="74" bec="0" bev="0" fileid="3" />
                <SequencePoint vc="0" uspid="277" ordinal="234" offset="4090" sl="365" sc="13" el="365" ec="80" bec="0" bev="0" fileid="3" />
                <SequencePoint vc="0" uspid="278" ordinal="235" offset="4111" sl="366" sc="13" el="374" ec="40" bec="0" bev="0" fileid="3" />
                <SequencePoint vc="0" uspid="279" ordinal="236" offset="4206" sl="375" sc="13" el="375" ec="72" bec="0" bev="0" fileid="3" />
                <SequencePoint vc="0" uspid="280" ordinal="237" offset="4226" sl="376" sc="13" el="376" ec="49" bec="0" bev="0" fileid="3" />
                <SequencePoint vc="0" uspid="281" ordinal="238" offset="4243" sl="377" sc="13" el="377" ec="70" bec="0" bev="0" fileid="3" />
                <SequencePoint vc="0" uspid="282" ordinal="239" offset="4267" sl="378" sc="13" el="378" ec="42" bec="0" bev="0" fileid="3" />
                <SequencePoint vc="0" uspid="283" ordinal="240" offset="4280" sl="379" sc="13" el="379" ec="49" bec="0" bev="0" fileid="3" />
                <SequencePoint vc="0" uspid="284" ordinal="241" offset="4297" sl="383" sc="13" el="383" ec="106" bec="0" bev="0" fileid="3" />
                <SequencePoint vc="0" uspid="285" ordinal="242" offset="4310" sl="384" sc="13" el="384" ec="121" bec="0" bev="0" fileid="3" />
                <SequencePoint vc="0" uspid="286" ordinal="243" offset="4338" sl="385" sc="13" el="385" ec="91" bec="0" bev="0" fileid="3" />
                <SequencePoint vc="0" uspid="287" ordinal="244" offset="4355" sl="386" sc="13" el="386" ec="67" bec="0" bev="0" fileid="3" />
                <SequencePoint vc="0" uspid="288" ordinal="245" offset="4372" sl="387" sc="13" el="387" ec="77" bec="0" bev="0" fileid="3" />
                <SequencePoint vc="0" uspid="289" ordinal="246" offset="4393" sl="388" sc="13" el="388" ec="64" bec="0" bev="0" fileid="3" />
                <SequencePoint vc="0" uspid="290" ordinal="247" offset="4410" sl="392" sc="13" el="392" ec="106" bec="0" bev="0" fileid="3" />
                <SequencePoint vc="0" uspid="291" ordinal="248" offset="4423" sl="393" sc="13" el="393" ec="121" bec="0" bev="0" fileid="3" />
                <SequencePoint vc="0" uspid="292" ordinal="249" offset="4451" sl="394" sc="13" el="394" ec="91" bec="0" bev="0" fileid="3" />
                <SequencePoint vc="0" uspid="293" ordinal="250" offset="4468" sl="395" sc="13" el="395" ec="67" bec="0" bev="0" fileid="3" />
                <SequencePoint vc="0" uspid="294" ordinal="251" offset="4485" sl="396" sc="13" el="396" ec="77" bec="0" bev="0" fileid="3" />
                <SequencePoint vc="0" uspid="295" ordinal="252" offset="4506" sl="397" sc="13" el="397" ec="64" bec="0" bev="0" fileid="3" />
                <SequencePoint vc="0" uspid="296" ordinal="253" offset="4523" sl="401" sc="13" el="401" ec="107" bec="0" bev="0" fileid="3" />
                <SequencePoint vc="0" uspid="297" ordinal="254" offset="4536" sl="402" sc="13" el="402" ec="123" bec="0" bev="0" fileid="3" />
                <SequencePoint vc="0" uspid="298" ordinal="255" offset="4564" sl="403" sc="13" el="403" ec="92" bec="0" bev="0" fileid="3" />
                <SequencePoint vc="0" uspid="299" ordinal="256" offset="4581" sl="404" sc="13" el="404" ec="69" bec="0" bev="0" fileid="3" />
                <SequencePoint vc="0" uspid="300" ordinal="257" offset="4598" sl="405" sc="13" el="405" ec="78" bec="0" bev="0" fileid="3" />
                <SequencePoint vc="0" uspid="301" ordinal="258" offset="4619" sl="406" sc="13" el="406" ec="54" bec="0" bev="0" fileid="3" />
                <SequencePoint vc="0" uspid="302" ordinal="259" offset="4636" sl="407" sc="13" el="407" ec="61" bec="0" bev="0" fileid="3" />
                <SequencePoint vc="0" uspid="303" ordinal="260" offset="4653" sl="408" sc="13" el="408" ec="104" bec="0" bev="0" fileid="3" />
                <SequencePoint vc="0" uspid="304" ordinal="261" offset="4677" sl="412" sc="13" el="412" ec="123" bec="0" bev="0" fileid="3" />
                <SequencePoint vc="0" uspid="305" ordinal="262" offset="4705" sl="413" sc="13" el="413" ec="92" bec="0" bev="0" fileid="3" />
                <SequencePoint vc="0" uspid="306" ordinal="263" offset="4722" sl="414" sc="13" el="414" ec="69" bec="0" bev="0" fileid="3" />
                <SequencePoint vc="0" uspid="307" ordinal="264" offset="4739" sl="415" sc="13" el="415" ec="78" bec="0" bev="0" fileid="3" />
                <SequencePoint vc="0" uspid="308" ordinal="265" offset="4760" sl="416" sc="13" el="416" ec="54" bec="0" bev="0" fileid="3" />
                <SequencePoint vc="0" uspid="309" ordinal="266" offset="4777" sl="417" sc="13" el="417" ec="71" bec="0" bev="0" fileid="3" />
                <SequencePoint vc="0" uspid="310" ordinal="267" offset="4794" sl="418" sc="13" el="418" ec="104" bec="0" bev="0" fileid="3" />
                <SequencePoint vc="0" uspid="311" ordinal="268" offset="4818" sl="422" sc="13" el="422" ec="133" bec="0" bev="0" fileid="3" />
                <SequencePoint vc="0" uspid="312" ordinal="269" offset="4846" sl="423" sc="13" el="423" ec="97" bec="0" bev="0" fileid="3" />
                <SequencePoint vc="0" uspid="313" ordinal="270" offset="4863" sl="424" sc="13" el="424" ec="79" bec="0" bev="0" fileid="3" />
                <SequencePoint vc="0" uspid="314" ordinal="271" offset="4880" sl="425" sc="13" el="425" ec="84" bec="0" bev="0" fileid="3" />
                <SequencePoint vc="0" uspid="315" ordinal="272" offset="4901" sl="426" sc="13" el="426" ec="64" bec="0" bev="0" fileid="3" />
                <SequencePoint vc="0" uspid="316" ordinal="273" offset="4918" sl="427" sc="13" el="427" ec="98" bec="0" bev="0" fileid="3" />
                <SequencePoint vc="0" uspid="317" ordinal="274" offset="4931" sl="428" sc="13" el="428" ec="114" bec="0" bev="0" fileid="3" />
                <SequencePoint vc="0" uspid="318" ordinal="275" offset="4955" sl="432" sc="13" el="432" ec="129" bec="0" bev="0" fileid="3" />
                <SequencePoint vc="0" uspid="319" ordinal="276" offset="4983" sl="433" sc="13" el="433" ec="95" bec="0" bev="0" fileid="3" />
                <SequencePoint vc="0" uspid="320" ordinal="277" offset="5000" sl="434" sc="13" el="434" ec="75" bec="0" bev="0" fileid="3" />
                <SequencePoint vc="0" uspid="321" ordinal="278" offset="5017" sl="435" sc="13" el="435" ec="81" bec="0" bev="0" fileid="3" />
                <SequencePoint vc="0" uspid="322" ordinal="279" offset="5038" sl="436" sc="13" el="436" ec="60" bec="0" bev="0" fileid="3" />
                <SequencePoint vc="0" uspid="323" ordinal="280" offset="5055" sl="437" sc="13" el="437" ec="110" bec="0" bev="0" fileid="3" />
                <SequencePoint vc="0" uspid="324" ordinal="281" offset="5079" sl="441" sc="13" el="441" ec="127" bec="0" bev="0" fileid="3" />
                <SequencePoint vc="0" uspid="325" ordinal="282" offset="5107" sl="442" sc="13" el="442" ec="94" bec="0" bev="0" fileid="3" />
                <SequencePoint vc="0" uspid="326" ordinal="283" offset="5124" sl="443" sc="13" el="443" ec="73" bec="0" bev="0" fileid="3" />
                <SequencePoint vc="0" uspid="327" ordinal="284" offset="5141" sl="444" sc="13" el="444" ec="80" bec="0" bev="0" fileid="3" />
                <SequencePoint vc="0" uspid="328" ordinal="285" offset="5162" sl="445" sc="13" el="445" ec="58" bec="0" bev="0" fileid="3" />
                <SequencePoint vc="0" uspid="329" ordinal="286" offset="5179" sl="446" sc="13" el="446" ec="108" bec="0" bev="0" fileid="3" />
                <SequencePoint vc="0" uspid="330" ordinal="287" offset="5203" sl="450" sc="13" el="450" ec="121" bec="0" bev="0" fileid="3" />
                <SequencePoint vc="0" uspid="331" ordinal="288" offset="5231" sl="451" sc="13" el="451" ec="91" bec="0" bev="0" fileid="3" />
                <SequencePoint vc="0" uspid="332" ordinal="289" offset="5248" sl="452" sc="13" el="452" ec="67" bec="0" bev="0" fileid="3" />
                <SequencePoint vc="0" uspid="333" ordinal="290" offset="5265" sl="453" sc="13" el="453" ec="77" bec="0" bev="0" fileid="3" />
                <SequencePoint vc="0" uspid="334" ordinal="291" offset="5286" sl="454" sc="13" el="454" ec="52" bec="0" bev="0" fileid="3" />
                <SequencePoint vc="0" uspid="335" ordinal="292" offset="5303" sl="455" sc="13" el="455" ec="102" bec="0" bev="0" fileid="3" />
                <SequencePoint vc="0" uspid="336" ordinal="293" offset="5327" sl="459" sc="13" el="459" ec="74" bec="0" bev="0" fileid="3" />
                <SequencePoint vc="0" uspid="337" ordinal="294" offset="5349" sl="460" sc="13" el="460" ec="74" bec="0" bev="0" fileid="3" />
                <SequencePoint vc="0" uspid="338" ordinal="295" offset="5357" sl="461" sc="13" el="461" ec="66" bec="0" bev="0" fileid="3" />
                <SequencePoint vc="0" uspid="339" ordinal="296" offset="5379" sl="462" sc="13" el="462" ec="48" bec="0" bev="0" fileid="3" />
                <SequencePoint vc="0" uspid="340" ordinal="297" offset="5397" sl="463" sc="13" el="463" ec="45" bec="0" bev="0" fileid="3" />
                <SequencePoint vc="0" uspid="341" ordinal="298" offset="5415" sl="464" sc="13" el="464" ec="45" bec="0" bev="0" fileid="3" />
                <SequencePoint vc="0" uspid="342" ordinal="299" offset="5433" sl="465" sc="13" el="465" ec="47" bec="0" bev="0" fileid="3" />
                <SequencePoint vc="0" uspid="343" ordinal="300" offset="5451" sl="466" sc="13" el="466" ec="48" bec="0" bev="0" fileid="3" />
                <SequencePoint vc="0" uspid="344" ordinal="301" offset="5469" sl="467" sc="13" el="467" ec="50" bec="0" bev="0" fileid="3" />
                <SequencePoint vc="0" uspid="345" ordinal="302" offset="5482" sl="468" sc="13" el="468" ec="33" bec="0" bev="0" fileid="3" />
                <SequencePoint vc="0" uspid="346" ordinal="303" offset="5494" sl="469" sc="13" el="469" ec="37" bec="0" bev="0" fileid="3" />
                <SequencePoint vc="0" uspid="347" ordinal="304" offset="5506" sl="470" sc="13" el="470" ec="88" bec="0" bev="0" fileid="3" />
                <SequencePoint vc="0" uspid="348" ordinal="305" offset="5518" sl="471" sc="13" el="471" ec="48" bec="0" bev="0" fileid="3" />
                <SequencePoint vc="0" uspid="349" ordinal="306" offset="5531" sl="472" sc="13" el="472" ec="44" bec="0" bev="0" fileid="3" />
                <SequencePoint vc="0" uspid="350" ordinal="307" offset="5543" sl="473" sc="13" el="473" ec="49" bec="0" bev="0" fileid="3" />
                <SequencePoint vc="0" uspid="351" ordinal="308" offset="5556" sl="474" sc="13" el="474" ec="45" bec="0" bev="0" fileid="3" />
                <SequencePoint vc="0" uspid="352" ordinal="309" offset="5568" sl="475" sc="13" el="475" ec="89" bec="0" bev="0" fileid="3" />
                <SequencePoint vc="0" uspid="353" ordinal="310" offset="5580" sl="476" sc="13" el="476" ec="49" bec="0" bev="0" fileid="3" />
                <SequencePoint vc="0" uspid="354" ordinal="311" offset="5593" sl="477" sc="13" el="477" ec="45" bec="0" bev="0" fileid="3" />
                <SequencePoint vc="0" uspid="355" ordinal="312" offset="5605" sl="478" sc="13" el="478" ec="38" bec="0" bev="0" fileid="3" />
                <SequencePoint vc="0" uspid="356" ordinal="313" offset="5613" sl="479" sc="13" el="479" ec="34" bec="0" bev="0" fileid="3" />
                <SequencePoint vc="0" uspid="357" ordinal="314" offset="5620" sl="481" sc="9" el="481" ec="10" bec="0" bev="0" fileid="3" />
              </SequencePoints>
              <BranchPoints />
              <MethodPoint xsi:type="SequencePoint" vc="0" uspid="43" ordinal="0" offset="0" sl="30" sc="9" el="30" ec="10" bec="0" bev="0" fileid="3" />
            </Method>
            <Method visited="false" cyclomaticComplexity="1" nPathComplexity="0" sequenceCoverage="0" branchCoverage="0" crapScore="2" isConstructor="true" isStatic="false" isGetter="false" isSetter="false">
              <Summary numSequencePoints="29" visitedSequencePoints="0" numBranchPoints="1" visitedBranchPoints="0" sequenceCoverage="0" branchCoverage="0" maxCyclomaticComplexity="1" minCyclomaticComplexity="1" maxCrapScore="2" minCrapScore="2" visitedClasses="0" numClasses="0" visitedMethods="0" numMethods="1" />
              <MetadataToken>100663311</MetadataToken>
              <Name>System.Void MyDrawing.Form1::.ctor()</Name>
              <FileRef uid="3" />
              <SequencePoints>
                <SequencePoint vc="0" uspid="358" ordinal="0" offset="0" sl="8" sc="9" el="8" ec="68" bec="0" bev="0" fileid="3" />
                <SequencePoint vc="0" uspid="359" ordinal="1" offset="7" sl="23" sc="9" el="23" ec="68" bec="0" bev="0" fileid="4" />
                <SequencePoint vc="0" uspid="360" ordinal="2" offset="18" sl="25" sc="9" el="25" ec="23" bec="0" bev="0" fileid="4" />
                <SequencePoint vc="0" uspid="361" ordinal="3" offset="25" sl="26" sc="9" el="26" ec="10" bec="0" bev="0" fileid="4" />
                <SequencePoint vc="0" uspid="362" ordinal="4" offset="26" sl="27" sc="13" el="27" ec="35" bec="0" bev="0" fileid="4" />
                <SequencePoint vc="0" uspid="363" ordinal="5" offset="33" sl="31" sc="13" el="31" ec="43" bec="0" bev="0" fileid="4" />
                <SequencePoint vc="0" uspid="364" ordinal="6" offset="46" sl="32" sc="13" el="32" ec="60" bec="0" bev="0" fileid="4" />
                <SequencePoint vc="0" uspid="365" ordinal="7" offset="63" sl="33" sc="13" el="33" ec="54" bec="0" bev="0" fileid="4" />
                <SequencePoint vc="0" uspid="366" ordinal="8" offset="87" sl="34" sc="13" el="34" ec="67" bec="0" bev="0" fileid="4" />
                <SequencePoint vc="0" uspid="367" ordinal="9" offset="111" sl="35" sc="13" el="35" ec="53" bec="0" bev="0" fileid="4" />
                <SequencePoint vc="0" uspid="368" ordinal="10" offset="135" sl="36" sc="13" el="36" ec="52" bec="0" bev="0" fileid="4" />
                <SequencePoint vc="0" uspid="369" ordinal="11" offset="159" sl="37" sc="13" el="37" ec="48" bec="0" bev="0" fileid="4" />
                <SequencePoint vc="0" uspid="370" ordinal="12" offset="183" sl="38" sc="13" el="38" ec="35" bec="0" bev="0" fileid="4" />
                <SequencePoint vc="0" uspid="371" ordinal="13" offset="201" sl="42" sc="13" el="42" ec="31" bec="0" bev="0" fileid="4" />
                <SequencePoint vc="0" uspid="372" ordinal="14" offset="209" sl="43" sc="13" el="43" ec="39" bec="0" bev="0" fileid="4" />
                <SequencePoint vc="0" uspid="373" ordinal="15" offset="228" sl="44" sc="13" el="44" ec="35" bec="0" bev="0" fileid="4" />
                <SequencePoint vc="0" uspid="374" ordinal="16" offset="247" sl="48" sc="13" el="48" ec="34" bec="0" bev="0" fileid="4" />
                <SequencePoint vc="0" uspid="375" ordinal="17" offset="258" sl="49" sc="13" el="49" ec="73" bec="0" bev="0" fileid="4" />
                <SequencePoint vc="0" uspid="376" ordinal="18" offset="281" sl="50" sc="13" el="50" ec="55" bec="0" bev="0" fileid="4" />
                <SequencePoint vc="0" uspid="377" ordinal="19" offset="305" sl="51" sc="13" el="51" ec="54" bec="0" bev="0" fileid="4" />
                <SequencePoint vc="0" uspid="378" ordinal="20" offset="329" sl="52" sc="13" el="52" ec="59" bec="0" bev="0" fileid="4" />
                <SequencePoint vc="0" uspid="379" ordinal="21" offset="353" sl="56" sc="13" el="56" ec="95" bec="0" bev="0" fileid="4" />
                <SequencePoint vc="0" uspid="380" ordinal="22" offset="386" sl="57" sc="13" el="57" ec="128" bec="0" bev="0" fileid="4" />
                <SequencePoint vc="0" uspid="381" ordinal="23" offset="410" sl="58" sc="13" el="58" ec="128" bec="0" bev="0" fileid="4" />
                <SequencePoint vc="0" uspid="382" ordinal="24" offset="434" sl="59" sc="13" el="59" ec="140" bec="0" bev="0" fileid="4" />
                <SequencePoint vc="0" uspid="383" ordinal="25" offset="458" sl="60" sc="13" el="60" ec="143" bec="0" bev="0" fileid="4" />
                <SequencePoint vc="0" uspid="384" ordinal="26" offset="482" sl="61" sc="13" el="61" ec="164" bec="0" bev="0" fileid="4" />
                <SequencePoint vc="0" uspid="385" ordinal="27" offset="506" sl="64" sc="13" el="64" ec="47" bec="0" bev="0" fileid="4" />
                <SequencePoint vc="0" uspid="386" ordinal="28" offset="518" sl="65" sc="9" el="65" ec="10" bec="0" bev="0" fileid="4" />
              </SequencePoints>
              <BranchPoints />
              <MethodPoint xsi:type="SequencePoint" vc="0" uspid="358" ordinal="0" offset="0" sl="8" sc="9" el="8" ec="68" bec="0" bev="0" fileid="3" />
            </Method>
            <Method visited="false" cyclomaticComplexity="5" nPathComplexity="16" sequenceCoverage="0" branchCoverage="0" crapScore="30" isConstructor="false" isStatic="false" isGetter="false" isSetter="false">
              <Summary numSequencePoints="12" visitedSequencePoints="0" numBranchPoints="9" visitedBranchPoints="0" sequenceCoverage="0" branchCoverage="0" maxCyclomaticComplexity="5" minCyclomaticComplexity="5" maxCrapScore="30" minCrapScore="30" visitedClasses="0" numClasses="0" visitedMethods="0" numMethods="1" />
              <MetadataToken>100663312</MetadataToken>
              <Name>System.Void MyDrawing.Form1::UpdateUIState()</Name>
              <FileRef uid="4" />
              <SequencePoints>
                <SequencePoint vc="0" uspid="387" ordinal="0" offset="0" sl="68" sc="9" el="68" ec="10" bec="0" bev="0" fileid="4" />
                <SequencePoint vc="0" uspid="388" ordinal="1" offset="1" sl="69" sc="13" el="69" ec="78" bec="0" bev="0" fileid="4" />
                <SequencePoint vc="0" uspid="389" ordinal="2" offset="24" sl="70" sc="13" el="70" ec="88" bec="0" bev="0" fileid="4" />
                <SequencePoint vc="0" uspid="390" ordinal="3" offset="47" sl="71" sc="13" el="71" ec="84" bec="0" bev="0" fileid="4" />
                <SequencePoint vc="0" uspid="391" ordinal="4" offset="70" sl="72" sc="13" el="72" ec="82" bec="0" bev="0" fileid="4" />
                <SequencePoint vc="0" uspid="392" ordinal="5" offset="93" sl="73" sc="13" el="73" ec="80" bec="0" bev="0" fileid="4" />
                <SequencePoint vc="0" uspid="393" ordinal="6" offset="116" sl="75" sc="13" el="75" ec="98" bec="2" bev="0" fileid="4" />
                <SequencePoint vc="0" uspid="394" ordinal="7" offset="163" sl="76" sc="13" el="76" ec="98" bec="2" bev="0" fileid="4" />
                <SequencePoint vc="0" uspid="395" ordinal="8" offset="210" sl="77" sc="13" el="77" ec="106" bec="2" bev="0" fileid="4" />
                <SequencePoint vc="0" uspid="396" ordinal="9" offset="257" sl="78" sc="13" el="78" ec="108" bec="2" bev="0" fileid="4" />
                <SequencePoint vc="0" uspid="397" ordinal="10" offset="304" sl="79" sc="13" el="79" ec="73" bec="0" bev="0" fileid="4" />
                <SequencePoint vc="0" uspid="398" ordinal="11" offset="327" sl="80" sc="9" el="80" ec="10" bec="0" bev="0" fileid="4" />
              </SequencePoints>
              <BranchPoints>
                <BranchPoint vc="0" uspid="399" ordinal="0" offset="143" sl="75" path="0" offsetend="145" fileid="4" />
                <BranchPoint vc="0" uspid="400" ordinal="1" offset="143" sl="75" path="1" offsetend="152" fileid="4" />
                <BranchPoint vc="0" uspid="401" ordinal="2" offset="190" sl="76" path="0" offsetend="192" fileid="4" />
                <BranchPoint vc="0" uspid="402" ordinal="3" offset="190" sl="76" path="1" offsetend="199" fileid="4" />
                <BranchPoint vc="0" uspid="403" ordinal="4" offset="237" sl="77" path="0" offsetend="239" fileid="4" />
                <BranchPoint vc="0" uspid="404" ordinal="5" offset="237" sl="77" path="1" offsetend="246" fileid="4" />
                <BranchPoint vc="0" uspid="405" ordinal="6" offset="284" sl="78" path="0" offsetend="286" fileid="4" />
                <BranchPoint vc="0" uspid="406" ordinal="7" offset="284" sl="78" path="1" offsetend="293" fileid="4" />
              </BranchPoints>
              <MethodPoint xsi:type="SequencePoint" vc="0" uspid="387" ordinal="0" offset="0" sl="68" sc="9" el="68" ec="10" bec="0" bev="0" fileid="4" />
            </Method>
            <Method visited="false" cyclomaticComplexity="1" nPathComplexity="0" sequenceCoverage="0" branchCoverage="0" crapScore="2" isConstructor="false" isStatic="false" isGetter="false" isSetter="false">
              <Summary numSequencePoints="3" visitedSequencePoints="0" numBranchPoints="1" visitedBranchPoints="0" sequenceCoverage="0" branchCoverage="0" maxCyclomaticComplexity="1" minCyclomaticComplexity="1" maxCrapScore="2" minCrapScore="2" visitedClasses="0" numClasses="0" visitedMethods="0" numMethods="1" />
              <MetadataToken>100663313</MetadataToken>
              <Name>System.Void MyDrawing.Form1::HandleCanvasPressed(System.Object,System.Windows.Forms.MouseEventArgs)</Name>
              <FileRef uid="4" />
              <SequencePoints>
                <SequencePoint vc="0" uspid="407" ordinal="0" offset="0" sl="82" sc="9" el="82" ec="10" bec="0" bev="0" fileid="4" />
                <SequencePoint vc="0" uspid="408" ordinal="1" offset="1" sl="83" sc="13" el="83" ec="45" bec="0" bev="0" fileid="4" />
                <SequencePoint vc="0" uspid="409" ordinal="2" offset="25" sl="84" sc="9" el="84" ec="10" bec="0" bev="0" fileid="4" />
              </SequencePoints>
              <BranchPoints />
              <MethodPoint xsi:type="SequencePoint" vc="0" uspid="407" ordinal="0" offset="0" sl="82" sc="9" el="82" ec="10" bec="0" bev="0" fileid="4" />
            </Method>
            <Method visited="false" cyclomaticComplexity="1" nPathComplexity="0" sequenceCoverage="0" branchCoverage="0" crapScore="2" isConstructor="false" isStatic="false" isGetter="false" isSetter="false">
              <Summary numSequencePoints="3" visitedSequencePoints="0" numBranchPoints="1" visitedBranchPoints="0" sequenceCoverage="0" branchCoverage="0" maxCyclomaticComplexity="1" minCyclomaticComplexity="1" maxCrapScore="2" minCrapScore="2" visitedClasses="0" numClasses="0" visitedMethods="0" numMethods="1" />
              <MetadataToken>100663314</MetadataToken>
              <Name>System.Void MyDrawing.Form1::HandleCanvasDoublePressed(System.Object,System.Windows.Forms.MouseEventArgs)</Name>
              <FileRef uid="4" />
              <SequencePoints>
                <SequencePoint vc="0" uspid="410" ordinal="0" offset="0" sl="87" sc="9" el="87" ec="10" bec="0" bev="0" fileid="4" />
                <SequencePoint vc="0" uspid="411" ordinal="1" offset="1" sl="88" sc="13" el="88" ec="51" bec="0" bev="0" fileid="4" />
                <SequencePoint vc="0" uspid="412" ordinal="2" offset="25" sl="89" sc="9" el="89" ec="10" bec="0" bev="0" fileid="4" />
[...]
                <SequencePoint vc="1" uspid="1145" ordinal="12" offset="129" sl="120" sc="21" el="120" ec="50" bec="0" bev="0" fileid="20" />
                <SequencePoint vc="1" uspid="1146" ordinal="13" offset="149" sl="121" sc="21" el="121" ec="50" bec="0" bev="0" fileid="20" />
                <SequencePoint vc="1" uspid="1147" ordinal="14" offset="169" sl="124" sc="21" el="124" ec="49" bec="0" bev="0" fileid="20" />
                <SequencePoint vc="1" uspid="1148" ordinal="15" offset="189" sl="125" sc="21" el="125" ec="49" bec="0" bev="0" fileid="20" />
                <SequencePoint vc="1" uspid="1149" ordinal="16" offset="210" sl="126" sc="17" el="126" ec="18" bec="0" bev="0" fileid="20" />
                <SequencePoint vc="1" uspid="1150" ordinal="17" offset="211" sl="127" sc="17" el="127" ec="40" bec="0" bev="0" fileid="20" />
                <SequencePoint vc="1" uspid="1151" ordinal="18" offset="218" sl="129" sc="13" el="129" ec="14" bec="0" bev="0" fileid="20" />
                <SequencePoint vc="3" uspid="1152" ordinal="19" offset="219" sl="130" sc="9" el="130" ec="10" bec="0" bev="0" fileid="20" />
              </SequencePoints>
              <BranchPoints>
                <BranchPoint vc="1" uspid="1153" ordinal="0" offset="12" sl="106" path="0" offsetend="17" fileid="20" />
                <BranchPoint vc="2" uspid="1154" ordinal="1" offset="12" sl="106" path="1" offsetend="219" fileid="20" />
                <BranchPoint vc="0" uspid="1155" ordinal="2" offset="26" sl="108" path="0" offsetend="28" fileid="20" />
                <BranchPoint vc="1" uspid="1156" ordinal="3" offset="26" sl="108" path="1" offsetend="75" fileid="20" />
                <BranchPoint vc="1" uspid="1157" ordinal="4" offset="83" sl="113" path="0" offsetend="85" fileid="20" />
                <BranchPoint vc="0" uspid="1158" ordinal="5" offset="83" sl="113" path="1" offsetend="211" fileid="20" />
              </BranchPoints>
              <MethodPoint xsi:type="SequencePoint" vc="3" uspid="1133" ordinal="0" offset="0" sl="105" sc="9" el="105" ec="10" bec="0" bev="0" fileid="20" />
            </Method>
            <Method visited="true" cyclomaticComplexity="3" nPathComplexity="4" sequenceCoverage="75" branchCoverage="60" crapScore="3.14" isConstructor="false" isStatic="false" isGetter="false" isSetter="false">
              <Summary numSequencePoints="8" visitedSequencePoints="6" numBranchPoints="5" visitedBranchPoints="3" sequenceCoverage="75" branchCoverage="60" maxCyclomaticComplexity="3" minCyclomaticComplexity="3" maxCrapScore="3.14" minCrapScore="3.14" visitedClasses="0" numClasses="0" visitedMethods="1" numMethods="1" />
              <MetadataToken>100663509</MetadataToken>
              <Name>System.Void MyDrawing.State.PointerState::MouseUp(MyDrawing.Model)</Name>
              <FileRef uid="20" />
              <SequencePoints>
                <SequencePoint vc="2" uspid="1159" ordinal="0" offset="0" sl="132" sc="9" el="132" ec="10" bec="0" bev="0" fileid="20" />
                <SequencePoint vc="2" uspid="1160" ordinal="1" offset="1" sl="133" sc="13" el="133" ec="32" bec="2" bev="1" fileid="20" />
                <SequencePoint vc="0" uspid="1161" ordinal="2" offset="11" sl="133" sc="33" el="133" ec="56" bec="0" bev="0" fileid="20" />
                <SequencePoint vc="2" uspid="1162" ordinal="3" offset="19" sl="134" sc="13" el="134" ec="28" bec="2" bev="1" fileid="20" />
                <SequencePoint vc="0" uspid="1163" ordinal="4" offset="29" sl="134" sc="29" el="134" ec="48" bec="0" bev="0" fileid="20" />
                <SequencePoint vc="2" uspid="1164" ordinal="5" offset="37" sl="135" sc="13" el="135" ec="26" bec="0" bev="0" fileid="20" />
                <SequencePoint vc="2" uspid="1165" ordinal="6" offset="44" sl="135" sc="27" el="135" ec="40" bec="0" bev="0" fileid="20" />
                <SequencePoint vc="2" uspid="1166" ordinal="7" offset="51" sl="136" sc="9" el="136" ec="10" bec="0" bev="0" fileid="20" />
              </SequencePoints>
              <BranchPoints>
                <BranchPoint vc="0" uspid="1167" ordinal="0" offset="9" sl="133" path="0" offsetend="11" fileid="20" />
                <BranchPoint vc="2" uspid="1168" ordinal="1" offset="9" sl="133" path="1" offsetend="19" fileid="20" />
                <BranchPoint vc="0" uspid="1169" ordinal="2" offset="27" sl="134" path="0" offsetend="29" fileid="20" />
                <BranchPoint vc="2" uspid="1170" ordinal="3" offset="27" sl="134" path="1" offsetend="37" fileid="20" />
              </BranchPoints>
              <MethodPoint xsi:type="SequencePoint" vc="2" uspid="1159" ordinal="0" offset="0" sl="132" sc="9" el="132" ec="10" bec="0" bev="0" fileid="20" />
            </Method>
            <Method visited="true" cyclomaticComplexity="1" nPathComplexity="0" sequenceCoverage="100" branchCoverage="100" crapScore="1" isConstructor="false" isStatic="false" isGetter="false" isSetter="false">
              <Summary numSequencePoints="2" visitedSequencePoints="2" numBranchPoints="1" visitedBranchPoints="1" sequenceCoverage="100" branchCoverage="100" maxCyclomaticComplexity="1" minCyclomaticComplexity="1" maxCrapScore="1" minCrapScore="1" visitedClasses="0" numClasses="0" visitedMethods="1" numMethods="1" />
              <MetadataToken>100663510</MetadataToken>
              <Name>System.Void MyDrawing.State.PointerState::KeyDown(MyDrawing.Model,System.Int32)</Name>
              <FileRef uid="20" />
              <SequencePoints>
                <SequencePoint vc="2" uspid="1171" ordinal="0" offset="0" sl="137" sc="52" el="137" ec="53" bec="0" bev="0" fileid="20" />
                <SequencePoint vc="2" uspid="1172" ordinal="1" offset="1" sl="137" sc="54" el="137" ec="55" bec="0" bev="0" fileid="20" />
              </SequencePoints>
              <BranchPoints />
              <MethodPoint xsi:type="SequencePoint" vc="2" uspid="1171" ordinal="0" offset="0" sl="137" sc="52" el="137" ec="53" bec="0" bev="0" fileid="20" />
            </Method>
            <Method visited="true" cyclomaticComplexity="1" nPathComplexity="0" sequenceCoverage="100" branchCoverage="100" crapScore="1" isConstructor="false" isStatic="false" isGetter="false" isSetter="false">
              <Summary numSequencePoints="2" visitedSequencePoints="2" numBranchPoints="1" visitedBranchPoints="1" sequenceCoverage="100" branchCoverage="100" maxCyclomaticComplexity="1" minCyclomaticComplexity="1" maxCrapScore="1" minCrapScore="1" visitedClasses="0" numClasses="0" visitedMethods="1" numMethods="1" />
              <MetadataToken>100663511</MetadataToken>
              <Name>System.Void MyDrawing.State.PointerState::KeyUp(MyDrawing.Model,System.Int32)</Name>
              <FileRef uid="20" />
              <SequencePoints>
                <SequencePoint vc="2" uspid="1173" ordinal="0" offset="0" sl="138" sc="50" el="138" ec="51" bec="0" bev="0" fileid="20" />
                <SequencePoint vc="2" uspid="1174" ordinal="1" offset="1" sl="138" sc="52" el="138" ec="53" bec="0" bev="0" fileid="20" />
              </SequencePoints>
              <BranchPoints />
              <MethodPoint xsi:type="SequencePoint" vc="2" uspid="1173" ordinal="0" offset="0" sl="138" sc="50" el="138" ec="51" bec="0" bev="0" fileid="20" />
            </Method>
            <Method visited="true" cyclomaticComplexity="1" nPathComplexity="0" sequenceCoverage="100" branchCoverage="100" crapScore="1" isConstructor="false" isStatic="false" isGetter="false" isSetter="false">
              <Summary numSequencePoints="3" visitedSequencePoints="3" numBranchPoints="1" visitedBranchPoints="1" sequenceCoverage="100" branchCoverage="100" maxCyclomaticComplexity="1" minCyclomaticComplexity="1" maxCrapScore="1" minCrapScore="1" visitedClasses="0" numClasses="0" visitedMethods="1" numMethods="1" />
              <MetadataToken>100663512</MetadataToken>
              <Name>System.Void MyDrawing.State.PointerState::AddSelectedShape(MyDrawing.Shape)</Name>
              <FileRef uid="20" />
              <SequencePoints>
                <SequencePoint vc="13" uspid="1175" ordinal="0" offset="0" sl="140" sc="9" el="140" ec="10" bec="0" bev="0" fileid="20" />
                <SequencePoint vc="13" uspid="1176" ordinal="1" offset="1" sl="141" sc="13" el="141" ec="33" bec="0" bev="0" fileid="20" />
                <SequencePoint vc="13" uspid="1177" ordinal="2" offset="9" sl="142" sc="9" el="142" ec="10" bec="0" bev="0" fileid="20" />
              </SequencePoints>
              <BranchPoints />
              <MethodPoint xsi:type="SequencePoint" vc="13" uspid="1175" ordinal="0" offset="0" sl="140" sc="9" el="140" ec="10" bec="0" bev="0" fileid="20" />
            </Method>
            <Method visited="true" cyclomaticComplexity="4" nPathComplexity="8" sequenceCoverage="100" branchCoverage="85.71" crapScore="4" isConstructor="false" isStatic="true" isGetter="false" isSetter="false">
              <Summary numSequencePoints="6" visitedSequencePoints="6" numBranchPoints="7" visitedBranchPoints="6" sequenceCoverage="100" branchCoverage="85.71" maxCyclomaticComplexity="4" minCyclomaticComplexity="4" maxCrapScore="4" minCrapScore="4" visitedClasses="0" numClasses="0" visitedMethods="1" numMethods="1" />
              <MetadataToken>100663513</MetadataToken>
              <Name>System.Boolean MyDrawing.State.PointerState::IsOverDragPoint(MyDrawing.Shape,System.Int32,System.Int32)</Name>
              <FileRef uid="20" />
              <SequencePoints>
                <SequencePoint vc="5" uspid="1178" ordinal="0" offset="0" sl="144" sc="9" el="144" ec="10" bec="0" bev="0" fileid="20" />
                <SequencePoint vc="5" uspid="1179" ordinal="1" offset="1" sl="145" sc="13" el="145" ec="68" bec="0" bev="0" fileid="20" />
                <SequencePoint vc="5" uspid="1180" ordinal="2" offset="19" sl="146" sc="13" el="146" ec="47" bec="0" bev="0" fileid="20" />
                <SequencePoint vc="5" uspid="1181" ordinal="3" offset="29" sl="147" sc="13" el="147" ec="122" bec="4" bev="4" fileid="20" />
                <SequencePoint vc="5" uspid="1182" ordinal="4" offset="64" sl="148" sc="13" el="148" ec="27" bec="0" bev="0" fileid="20" />
                <SequencePoint vc="5" uspid="1183" ordinal="5" offset="68" sl="149" sc="9" el="149" ec="10" bec="0" bev="0" fileid="20" />
              </SequencePoints>
              <BranchPoints>
                <BranchPoint vc="2" uspid="1184" ordinal="0" offset="34" sl="147" path="0" offsetend="36" fileid="20" />
                <BranchPoint vc="3" uspid="1185" ordinal="1" offset="34" sl="147" path="1" offsetend="62" fileid="20" />
                <BranchPoint vc="2" uspid="1186" ordinal="2" offset="41" sl="147" path="0" offsetend="43" fileid="20" />
                <BranchPoint vc="0" uspid="1187" ordinal="3" offset="41" sl="147" path="1" offsetend="62" fileid="20" />
                <BranchPoint vc="2" uspid="1188" ordinal="4" offset="48" sl="147" path="0" offsetend="50" fileid="20" />
                <BranchPoint vc="3" uspid="1189" ordinal="5" offset="48" sl="147" path="1" offsetend="62" fileid="20" />
              </BranchPoints>
              <MethodPoint xsi:type="SequencePoint" vc="5" uspid="1178" ordinal="0" offset="0" sl="144" sc="9" el="144" ec="10" bec="0" bev="0" fileid="20" />
            </Method>
          </Methods>
        </Class>
        <Class>
          <Summary numSequencePoints="6" visitedSequencePoints="5" numBranchPoints="16" visitedBranchPoints="6" sequenceCoverage="83.33" branchCoverage="37.5" maxCyclomaticComplexity="8" minCyclomaticComplexity="1" maxCrapScore="8.51" minCrapScore="1" visitedClasses="1" numClasses="1" visitedMethods="2" numMethods="2" />
          <FullName>MyDrawing.State.PointerState/&lt;&gt;c__DisplayClass17_0</FullName>
          <Methods>
            <Method visited="false" cyclomaticComplexity="1" nPathComplexity="0" sequenceCoverage="0" branchCoverage="0" crapScore="2" isConstructor="true" isStatic="false" isGetter="false" isSetter="false">
              <Summary numSequencePoints="0" visitedSequencePoints="0" numBranchPoints="0" visitedBranchPoints="0" sequenceCoverage="0" branchCoverage="0" maxCyclomaticComplexity="1" minCyclomaticComplexity="1" maxCrapScore="2" minCrapScore="2" visitedClasses="0" numClasses="0" visitedMethods="0" numMethods="0" />
              <MetadataToken>100663532</MetadataToken>
              <Name>System.Void MyDrawing.State.PointerState/&lt;&gt;c__DisplayClass17_0::.ctor()</Name>
              <SequencePoints />
              <BranchPoints />
              <MethodPoint vc="0" uspid="1190" ordinal="0" offset="0" />
            </Method>
            <Method visited="true" cyclomaticComplexity="1" nPathComplexity="0" sequenceCoverage="100" branchCoverage="100" crapScore="1" isConstructor="false" isStatic="false" isGetter="false" isSetter="false">
              <Summary numSequencePoints="1" visitedSequencePoints="1" numBranchPoints="1" visitedBranchPoints="1" sequenceCoverage="100" branchCoverage="100" maxCyclomaticComplexity="1" minCyclomaticComplexity="1" maxCrapScore="1" minCrapScore="1" visitedClasses="0" numClasses="0" visitedMethods="1" numMethods="1" />
              <MetadataToken>100663533</MetadataToken>
              <Name>System.Boolean MyDrawing.State.PointerState/&lt;&gt;c__DisplayClass17_0::&lt;MouseDown&gt;b__0(MyDrawing.Shape)</Name>
              <FileRef uid="20" />
              <SequencePoints>
                <SequencePoint vc="4" uspid="1191" ordinal="0" offset="0" sl="45" sc="74" el="45" ec="102" bec="0" bev="0" fileid="20" />
              </SequencePoints>
              <BranchPoints />
              <MethodPoint xsi:type="SequencePoint" vc="4" uspid="1191" ordinal="0" offset="0" sl="45" sc="74" el="45" ec="102" bec="0" bev="0" fileid="20" />
            </Method>
            <Method visited="true" cyclomaticComplexity="8" nPathComplexity="128" sequenceCoverage="80" branchCoverage="33.33" crapScore="8.51" isConstructor="false" isStatic="false" isGetter="false" isSetter="false">
              <Summary numSequencePoints="5" visitedSequencePoints="4" numBranchPoints="15" visitedBranchPoints="5" sequenceCoverage="80" branchCoverage="33.33" maxCyclomaticComplexity="8" minCyclomaticComplexity="8" maxCrapScore="8.51" minCrapScore="8.51" visitedClasses="0" numClasses="0" visitedMethods="1" numMethods="1" />
              <MetadataToken>100663534</MetadataToken>
              <Name>System.Boolean MyDrawing.State.PointerState/&lt;&gt;c__DisplayClass17_0::&lt;MouseDown&gt;b__1(MyDrawing.Shape)</Name>
              <FileRef uid="20" />
              <SequencePoints>
                <SequencePoint vc="3" uspid="1192" ordinal="0" offset="0" sl="58" sc="13" el="58" ec="14" bec="0" bev="0" fileid="20" />
                <SequencePoint vc="3" uspid="1193" ordinal="1" offset="1" sl="59" sc="17" el="59" ec="46" bec="2" bev="1" fileid="20" />
                <SequencePoint vc="0" uspid="1194" ordinal="2" offset="25" sl="62" sc="25" el="63" ec="76" bec="4" bev="0" fileid="20" />
                <SequencePoint vc="3" uspid="1195" ordinal="3" offset="111" sl="65" sc="25" el="66" ec="76" bec="4" bev="3" fileid="20" />
                <SequencePoint vc="3" uspid="1196" ordinal="4" offset="190" sl="68" sc="13" el="68" ec="14" bec="0" bev="0" fileid="20" />
              </SequencePoints>
              <BranchPoints>
                <BranchPoint vc="3" uspid="1197" ordinal="0" offset="21" sl="59" path="0" offsetchain="23" offsetend="111" fileid="20" />
                <BranchPoint vc="0" uspid="1198" ordinal="1" offset="21" sl="59" path="1" offsetend="25" fileid="20" />
                <BranchPoint vc="0" uspid="1199" ordinal="2" offset="37" sl="62" path="0" offsetend="39" fileid="20" />
                <BranchPoint vc="0" uspid="1200" ordinal="3" offset="37" sl="62" path="1" offsetend="107" fileid="20" />
                <BranchPoint vc="0" uspid="1201" ordinal="4" offset="65" sl="62" path="0" offsetend="67" fileid="20" />
                <BranchPoint vc="0" uspid="1202" ordinal="5" offset="65" sl="62" path="1" offsetend="107" fileid="20" />
                <BranchPoint vc="0" uspid="1203" ordinal="6" offset="79" sl="62" path="0" offsetend="81" fileid="20" />
                <BranchPoint vc="0" uspid="1204" ordinal="7" offset="79" sl="62" path="1" offsetend="107" fileid="20" />
                <BranchPoint vc="3" uspid="1205" ordinal="8" offset="123" sl="65" path="0" offsetend="125" fileid="20" />
                <BranchPoint vc="0" uspid="1206" ordinal="9" offset="123" sl="65" path="1" offsetend="186" fileid="20" />
                <BranchPoint vc="3" uspid="1207" ordinal="10" offset="144" sl="65" path="0" offsetend="146" fileid="20" />
                <BranchPoint vc="0" uspid="1208" ordinal="11" offset="144" sl="65" path="1" offsetend="186" fileid="20" />
                <BranchPoint vc="3" uspid="1209" ordinal="12" offset="158" sl="65" path="0" offsetend="160" fileid="20" />
                <BranchPoint vc="0" uspid="1210" ordinal="13" offset="158" sl="65" path="1" offsetend="186" fileid="20" />
              </BranchPoints>
              <MethodPoint xsi:type="SequencePoint" vc="3" uspid="1192" ordinal="0" offset="0" sl="58" sc="13" el="58" ec="14" bec="0" bev="0" fileid="20" />
            </Method>
          </Methods>
        </Class>
        <Class>
          <Summary numSequencePoints="1" visitedSequencePoints="1" numBranchPoints="1" visitedBranchPoints="1" sequenceCoverage="100" branchCoverage="100" maxCyclomaticComplexity="1" minCyclomaticComplexity="1" maxCrapScore="2" minCrapScore="1" visitedClasses="1" numClasses="1" visitedMethods="1" numMethods="1" />
          <FullName>MyDrawing.State.PointerState/&lt;&gt;c__DisplayClass18_0</FullName>
          <Methods>
            <Method visited="false" cyclomaticComplexity="1" nPathComplexity="0" sequenceCoverage="0" branchCoverage="0" crapScore="2" isConstructor="true" isStatic="false" isGetter="false" isSetter="false">
              <Summary numSequencePoints="0" visitedSequencePoints="0" numBranchPoints="0" visitedBranchPoints="0" sequenceCoverage="0" branchCoverage="0" maxCyclomaticComplexity="1" minCyclomaticComplexity="1" maxCrapScore="2" minCrapScore="2" visitedClasses="0" numClasses="0" visitedMethods="0" numMethods="0" />
              <MetadataToken>100663535</MetadataToken>
              <Name>System.Void MyDrawing.State.PointerState/&lt;&gt;c__DisplayClass18_0::.ctor()</Name>
              <SequencePoints />
              <BranchPoints />
              <MethodPoint vc="0" uspid="1211" ordinal="0" offset="0" />
            </Method>
            <Method visited="true" cyclomaticComplexity="1" nPathComplexity="0" sequenceCoverage="100" branchCoverage="100" crapScore="1" isConstructor="false" isStatic="false" isGetter="false" isSetter="false">
              <Summary numSequencePoints="1" visitedSequencePoints="1" numBranchPoints="1" visitedBranchPoints="1" sequenceCoverage="100" branchCoverage="100" maxCyclomaticComplexity="1" minCyclomaticComplexity="1" maxCrapScore="1" minCrapScore="1" visitedClasses="0" numClasses="0" visitedMethods="1" numMethods="1" />
              <MetadataToken>100663536</MetadataToken>
              <Name>System.Boolean MyDrawing.State.PointerState/&lt;&gt;c__DisplayClass18_0::&lt;MouseDoubleClick&gt;b__0(MyDrawing.Shape)</Name>
              <FileRef uid="20" />
              <SequencePoints>
                <SequencePoint vc="1" uspid="1212" ordinal="0" offset="0" sl="90" sc="74" el="90" ec="102" bec="0" bev="0" fileid="20" />
              </SequencePoints>
              <BranchPoints />
              <MethodPoint xsi:type="SequencePoint" vc="1" uspid="1212" ordinal="0" offset="0" sl="90" sc="74" el="90" ec="102" bec="0" bev="0" fileid="20" />
            </Method>
          </Methods>
        </Class>
      </Classes>
    </Module>
  </Modules>
</CoverageSession>